[0mCompiling "resources/public/js/compiled/tmdb-movies.js" from ["src"]...[0m
[32mSuccessfully compiled "resources/public/js/compiled/tmdb-movies.js" in 4.417 seconds.[0m
notifying browser that file changed:  resources/public/js/compiled/out/goog/deps.js
notifying browser that file changed:  resources/public/js/compiled/out/cljs_deps.js
notifying browser that file changed:  resources/public/js/compiled/out/tmdb_movies/router.js
[0mCompiling "resources/public/js/compiled/tmdb-movies.js" from ["src"]...[0m
[32mSuccessfully compiled "resources/public/js/compiled/tmdb-movies.js" in 3.667 seconds.[0m
notifying browser that file changed:  resources/public/js/compiled/out/tmdb_movies/router.js
[0mCompiling "resources/public/js/compiled/tmdb-movies.js" from ["src"]...[0m
[31mFailed to compile "resources/public/js/compiled/tmdb-movies.js" in 0.681 seconds.[0m
[36m----  Exception    ----[0m

  [1mNo ns form found in src/csv-editor/components/movie-card.cljs[0m

[36m----  Exception Stack Trace  ----[0m

java.lang.AssertionError: No ns form found in src/csv-editor/components/movie-card.cljs
 at cljs.analyzer$parse_ns$fn__2420.invoke (analyzer.cljc:3059)
    cljs.analyzer$parse_ns.invokeStatic (analyzer.cljc:3009)
    cljs.analyzer$parse_ns.invoke (analyzer.cljc:2991)
    cljs.analyzer$parse_ns.invokeStatic (analyzer.cljc:3001)
    cljs.analyzer$parse_ns.invoke (analyzer.cljc:2991)
    cljs.compiler$find_source.invokeStatic (compiler.cljc:1432)
    cljs.compiler$find_source.invoke (compiler.cljc:1431)
    clojure.core$map$fn__4785.invoke (core.clj:2646)
    clojure.lang.LazySeq.sval (LazySeq.java:40)
    clojure.lang.LazySeq.seq (LazySeq.java:49)
    clojure.lang.Cons.next (Cons.java:39)
    clojure.lang.RT.next (RT.java:688)
    clojure.core$next__4341.invokeStatic (core.clj:64)
    clojure.core$reduce1.invokeStatic (core.clj:925)
    clojure.core$set.invokeStatic (core.clj:3983)
    clojure.core$set.invoke (core.clj:3975)
    cljs.closure$add_dependency_sources.invokeStatic (closure.clj:798)
    cljs.closure$add_dependency_sources.invoke (closure.clj:792)
    cljs.closure$build.invokeStatic (closure.clj:1986)
    cljs.closure$build.invoke (closure.clj:1927)
    cljs.build.api$build.invokeStatic (api.clj:199)
    cljs.build.api$build.invoke (api.clj:187)
    figwheel_sidecar.components.cljs_autobuild$cljs_build.invokeStatic (cljs_autobuild.clj:28)
    figwheel_sidecar.components.cljs_autobuild$cljs_build.invoke (cljs_autobuild.clj:27)
    figwheel_sidecar.build_middleware.injection$hook$fn__25070.invoke (injection.clj:197)
    figwheel_sidecar.components.cljs_autobuild$notify_command_hook$fn__25434.invoke (cljs_autobuild.clj:68)
    figwheel_sidecar.components.cljs_autobuild$figwheel_start_and_end_messages$fn__25426.invoke (cljs_autobuild.clj:48)
    figwheel_sidecar.build_middleware.notifications$hook$fn__25295.invoke (notifications.clj:179)
    figwheel_sidecar.build_middleware.clj_reloading$hook$fn__25352.invoke (clj_reloading.clj:111)
    figwheel_sidecar.build_middleware.javascript_reloading$hook$fn__25385.invoke (javascript_reloading.clj:48)
    figwheel_sidecar.components.cljs_autobuild$color_output$fn__25438.invoke (cljs_autobuild.clj:79)
    figwheel_sidecar.components.cljs_autobuild$execute_build$fn__25479.invoke (cljs_autobuild.clj:231)
    figwheel_sidecar.utils$sync_exec$fn__2477$fn__2478.invoke (utils.clj:13)
    figwheel_sidecar.utils$sync_exec$fn__2477.invoke (utils.clj:12)
    clojure.core$binding_conveyor_fn$fn__4676.invoke (core.clj:1941)
    clojure.lang.AFn.applyToHelper (AFn.java:154)
    clojure.lang.RestFn.applyTo (RestFn.java:132)
    clojure.lang.Agent$Action.doRun (Agent.java:114)
    clojure.lang.Agent$Action.run (Agent.java:163)
    java.util.concurrent.ThreadPoolExecutor.runWorker (ThreadPoolExecutor.java:1149)
    java.util.concurrent.ThreadPoolExecutor$Worker.run (ThreadPoolExecutor.java:624)
    java.lang.Thread.run (Thread.java:748)

[0mCompiling "resources/public/js/compiled/tmdb-movies.js" from ["src"]...[0m
[32mSuccessfully compiled "resources/public/js/compiled/tmdb-movies.js" in 1.497 seconds.[0m
notifying browser that file changed:  resources/public/js/compiled/out/cljs_deps.js
notifying browser that file changed:  resources/public/js/compiled/out/tmdb_movies/components/movie_card.js
[0mCompiling "resources/public/js/compiled/tmdb-movies.js" from ["src"]...[0m
[36m----  Compiler Warning on   src/csv-editor/App.cljs   line:27  column:30  ----[0m

  [1mUse of undeclared Var tmdb-movies.app/MovieCard[0m

  [36m23[0m  [36m(js/console.log (clj->js popular))[0m
  [36m24[0m  [36m[:div.root-container[0m
  [36m25[0m  [36m  [:h1 "Movies"][0m
  [36m26[0m  [36m  [:div[0m
  [33m27[0m  [1m    (map #(rum/with-key (MovieCard %) (.-id %)) popular)][0m
  [0m  [0m  [33m                         ^--- Use of undeclared Var tmdb-movies.app/MovieCard[0m
  [36m28[0m  [36m  [:div.content]]))[0m

[36m----  Compiler Warning : Please see src/csv-editor/App.cljs  ----[0m
[32mSuccessfully compiled "resources/public/js/compiled/tmdb-movies.js" in 2.413 seconds.[0m
notifying browser that file changed:  resources/public/js/compiled/out/tmdb_movies/app.js
[0mCompiling "resources/public/js/compiled/tmdb-movies.js" from ["src"]...[0m
[32mSuccessfully compiled "resources/public/js/compiled/tmdb-movies.js" in 1.617 seconds.[0m
notifying browser that file changed:  resources/public/js/compiled/out/tmdb_movies/components/movie_card.js
[0mCompiling "resources/public/js/compiled/tmdb-movies.js" from ["src"]...[0m
[32mSuccessfully compiled "resources/public/js/compiled/tmdb-movies.js" in 1.972 seconds.[0m
notifying browser that file changed:  resources/public/js/compiled/out/cljs_deps.js
notifying browser that file changed:  resources/public/js/compiled/out/tmdb_movies/app.js
[0mCompiling "resources/public/js/compiled/tmdb-movies.js" from ["src"]...[0m
[31mFailed to compile "resources/public/js/compiled/tmdb-movies.js" in 1.48 seconds.[0m
[36m----  Exception    ----[0m

  [1mNo ns form found in src/csv-editor/components/movie-page.cljs[0m

[36m----  Exception Stack Trace  ----[0m

java.lang.AssertionError: No ns form found in src/csv-editor/components/movie-page.cljs
 at cljs.analyzer$parse_ns$fn__2420.invoke (analyzer.cljc:3059)
    cljs.analyzer$parse_ns.invokeStatic (analyzer.cljc:3009)
    cljs.analyzer$parse_ns.invoke (analyzer.cljc:2991)
    cljs.analyzer$parse_ns.invokeStatic (analyzer.cljc:3001)
    cljs.analyzer$parse_ns.invoke (analyzer.cljc:2991)
    cljs.compiler$find_source.invokeStatic (compiler.cljc:1432)
    cljs.compiler$find_source.invoke (compiler.cljc:1431)
    clojure.core$map$fn__4785.invoke (core.clj:2646)
    clojure.lang.LazySeq.sval (LazySeq.java:40)
    clojure.lang.LazySeq.seq (LazySeq.java:49)
    clojure.lang.Cons.next (Cons.java:39)
    clojure.lang.RT.next (RT.java:688)
    clojure.core$next__4341.invokeStatic (core.clj:64)
    clojure.core$reduce1.invokeStatic (core.clj:925)
    clojure.core$set.invokeStatic (core.clj:3983)
    clojure.core$set.invoke (core.clj:3975)
    cljs.closure$add_dependency_sources.invokeStatic (closure.clj:798)
    cljs.closure$add_dependency_sources.invoke (closure.clj:792)
    cljs.closure$build.invokeStatic (closure.clj:1986)
    cljs.closure$build.invoke (closure.clj:1927)
    cljs.build.api$build.invokeStatic (api.clj:199)
    cljs.build.api$build.invoke (api.clj:187)
    figwheel_sidecar.components.cljs_autobuild$cljs_build.invokeStatic (cljs_autobuild.clj:28)
    figwheel_sidecar.components.cljs_autobuild$cljs_build.invoke (cljs_autobuild.clj:27)
    figwheel_sidecar.build_middleware.injection$hook$fn__25070.invoke (injection.clj:197)
    figwheel_sidecar.components.cljs_autobuild$notify_command_hook$fn__25434.invoke (cljs_autobuild.clj:68)
    figwheel_sidecar.components.cljs_autobuild$figwheel_start_and_end_messages$fn__25426.invoke (cljs_autobuild.clj:48)
    figwheel_sidecar.build_middleware.notifications$hook$fn__25295.invoke (notifications.clj:179)
    figwheel_sidecar.build_middleware.clj_reloading$hook$fn__25352.invoke (clj_reloading.clj:111)
    figwheel_sidecar.build_middleware.javascript_reloading$hook$fn__25385.invoke (javascript_reloading.clj:48)
    figwheel_sidecar.components.cljs_autobuild$color_output$fn__25438.invoke (cljs_autobuild.clj:79)
    figwheel_sidecar.components.cljs_autobuild$execute_build$fn__25479.invoke (cljs_autobuild.clj:231)
    figwheel_sidecar.utils$sync_exec$fn__2477$fn__2478.invoke (utils.clj:13)
    figwheel_sidecar.utils$sync_exec$fn__2477.invoke (utils.clj:12)
    clojure.core$binding_conveyor_fn$fn__4676.invoke (core.clj:1941)
    clojure.lang.AFn.applyToHelper (AFn.java:154)
    clojure.lang.RestFn.applyTo (RestFn.java:132)
    clojure.lang.Agent$Action.doRun (Agent.java:114)
    clojure.lang.Agent$Action.run (Agent.java:163)
    java.util.concurrent.ThreadPoolExecutor.runWorker (ThreadPoolExecutor.java:1149)
    java.util.concurrent.ThreadPoolExecutor$Worker.run (ThreadPoolExecutor.java:624)
    java.lang.Thread.run (Thread.java:748)

[0mCompiling "resources/public/js/compiled/tmdb-movies.js" from ["src"]...[0m
[32mSuccessfully compiled "resources/public/js/compiled/tmdb-movies.js" in 1.776 seconds.[0m
notifying browser that file changed:  resources/public/js/compiled/out/cljs_deps.js
notifying browser that file changed:  resources/public/js/compiled/out/tmdb/components/movie_page.js
[0mCompiling "resources/public/js/compiled/tmdb-movies.js" from ["src"]...[0m
[32mSuccessfully compiled "resources/public/js/compiled/tmdb-movies.js" in 0.793 seconds.[0m
notifying browser that file changed:  resources/public/js/compiled/out/tmdb/components/movie_page.js
[0mCompiling "resources/public/js/compiled/tmdb-movies.js" from ["src"]...[0m
[32mSuccessfully compiled "resources/public/js/compiled/tmdb-movies.js" in 3.401 seconds.[0m
notifying browser that file changed:  resources/public/js/compiled/out/tmdb/components/movie_page.js
[0mCompiling "resources/public/js/compiled/tmdb-movies.js" from ["src"]...[0m
[36m----  Compiler Warning on   src/csv-editor/router.cljs   line:23  column:3  ----[0m

  [1mWrong number of args (3) passed to cljs.core/replace[0m

  [36m19[0m  [36m        next-route (first (filter #(= next-href (:href %)) routes))][0m
  [36m20[0m  [36m    (when-not (nil? next-route) (swap! router-state assoc :current-component (:component next-route)))))[0m
  [36m21[0m  [36m[0m
  [36m22[0m  [36m(defn url-to-regexp [url][0m
  [33m23[0m  [1m  (replace url #"/:\w+/g" "(.*)"))[0m
  [0m  [0m  [33m  ^--- Wrong number of args (3) passed to cljs.core/replace[0m
  [36m24[0m  [36m[0m
  [36m25[0m  [36m(js/console.log (url-to-regexp "/movie/:id"))[0m
  [36m26[0m  [36m[0m
  [36m27[0m  [36m(.addEventListener js/window "hashchange" on-hash-change)[0m

[36m----  Compiler Warning : Please see src/csv-editor/router.cljs  ----[0m
[32mSuccessfully compiled "resources/public/js/compiled/tmdb-movies.js" in 3.589 seconds.[0m
notifying browser that file changed:  resources/public/js/compiled/out/tmdb_movies/router.js
[0mCompiling "resources/public/js/compiled/tmdb-movies.js" from ["src"]...[0m
[32mSuccessfully compiled "resources/public/js/compiled/tmdb-movies.js" in 2.776 seconds.[0m
notifying browser that file changed:  resources/public/js/compiled/out/tmdb_movies/router.js
[0mCompiling "resources/public/js/compiled/tmdb-movies.js" from ["src"]...[0m
[32mSuccessfully compiled "resources/public/js/compiled/tmdb-movies.js" in 1.841 seconds.[0m
notifying browser that file changed:  resources/public/js/compiled/out/tmdb_movies/router.js
[0mCompiling "resources/public/js/compiled/tmdb-movies.js" from ["src"]...[0m
[32mSuccessfully compiled "resources/public/js/compiled/tmdb-movies.js" in 2.048 seconds.[0m
notifying browser that file changed:  resources/public/js/compiled/out/tmdb_movies/router.js
[0mCompiling "resources/public/js/compiled/tmdb-movies.js" from ["src"]...[0m
[32mSuccessfully compiled "resources/public/js/compiled/tmdb-movies.js" in 1.628 seconds.[0m
notifying browser that file changed:  resources/public/js/compiled/out/tmdb_movies/app.js
[0mCompiling "resources/public/js/compiled/tmdb-movies.js" from ["src"]...[0m
[32mSuccessfully compiled "resources/public/js/compiled/tmdb-movies.js" in 0.957 seconds.[0m
notifying browser that file changed:  resources/public/js/compiled/out/tmdb_movies/router.js
[0mCompiling "resources/public/js/compiled/tmdb-movies.js" from ["src"]...[0m
[32mSuccessfully compiled "resources/public/js/compiled/tmdb-movies.js" in 1.691 seconds.[0m
notifying browser that file changed:  resources/public/js/compiled/out/tmdb_movies/router.js
[0mCompiling "resources/public/js/compiled/tmdb-movies.js" from ["src"]...[0m
[32mSuccessfully compiled "resources/public/js/compiled/tmdb-movies.js" in 0.851 seconds.[0m
notifying browser that file changed:  resources/public/js/compiled/out/tmdb_movies/router.js
[0mCompiling "resources/public/js/compiled/tmdb-movies.js" from ["src"]...[0m
[32mSuccessfully compiled "resources/public/js/compiled/tmdb-movies.js" in 0.892 seconds.[0m
notifying browser that file changed:  resources/public/js/compiled/out/tmdb_movies/router.js
[0mCompiling "resources/public/js/compiled/tmdb-movies.js" from ["src"]...[0m
[32mSuccessfully compiled "resources/public/js/compiled/tmdb-movies.js" in 0.866 seconds.[0m
notifying browser that file changed:  resources/public/js/compiled/out/tmdb_movies/router.js
[0mCompiling "resources/public/js/compiled/tmdb-movies.js" from ["src"]...[0m
[32mSuccessfully compiled "resources/public/js/compiled/tmdb-movies.js" in 1.96 seconds.[0m
notifying browser that file changed:  resources/public/js/compiled/out/tmdb_movies/router.js
[0mCompiling "resources/public/js/compiled/tmdb-movies.js" from ["src"]...[0m
[31mFailed to compile "resources/public/js/compiled/tmdb-movies.js" in 0.659 seconds.[0m
[36m----  Could not Read  src/csv-editor/router.cljs   line:26  column:43  ----[0m

  [1mReader tag must be a symbol[0m

  [36m25[0m  [36m(defn equal-path? [href url][0m
  [33m26[0m  [1m  (re-matches (into # (url-to-regexp href) url)))[0m
  [0m  [0m  [33m                                          ^--- Reader tag must be a symbol[0m
  [36m27[0m  [36m[0m
  [36m28[0m  [36m(js/console.log (equal-path? "/movie/:id/" "/movie/16"))[0m

[36m----  Reader Error : Please see src/csv-editor/router.cljs  ----[0m
[0mCompiling "resources/public/js/compiled/tmdb-movies.js" from ["src"]...[0m
[31mFailed to compile "resources/public/js/compiled/tmdb-movies.js" in 1.128 seconds.[0m
[36m----  Could not Read  src/csv-editor/router.cljs   line:26  column:43  ----[0m

  [1mReader tag must be a symbol[0m

  [36m25[0m  [36m(defn equal-path? [href url][0m
  [33m26[0m  [1m  (re-matches (into # (url-to-regexp href)) url))[0m
  [0m  [0m  [33m                                          ^--- Reader tag must be a symbol[0m
  [36m27[0m  [36m[0m
  [36m28[0m  [36m(js/console.log (equal-path? "/movie/:id/" "/movie/16"))[0m

[36m----  Reader Error : Please see src/csv-editor/router.cljs  ----[0m
[0mCompiling "resources/public/js/compiled/tmdb-movies.js" from ["src"]...[0m
[32mSuccessfully compiled "resources/public/js/compiled/tmdb-movies.js" in 1.079 seconds.[0m
notifying browser that file changed:  resources/public/js/compiled/out/tmdb_movies/router.js
[0mCompiling "resources/public/js/compiled/tmdb-movies.js" from ["src"]...[0m
[32mSuccessfully compiled "resources/public/js/compiled/tmdb-movies.js" in 0.923 seconds.[0m
notifying browser that file changed:  resources/public/js/compiled/out/tmdb_movies/router.js
[0mCompiling "resources/public/js/compiled/tmdb-movies.js" from ["src"]...[0m
[32mSuccessfully compiled "resources/public/js/compiled/tmdb-movies.js" in 0.799 seconds.[0m
notifying browser that file changed:  resources/public/js/compiled/out/tmdb_movies/router.js
[0mCompiling "resources/public/js/compiled/tmdb-movies.js" from ["src"]...[0m
[32mSuccessfully compiled "resources/public/js/compiled/tmdb-movies.js" in 0.81 seconds.[0m
notifying browser that file changed:  resources/public/js/compiled/out/tmdb_movies/router.js
[0mCompiling "resources/public/js/compiled/tmdb-movies.js" from ["src"]...[0m
[32mSuccessfully compiled "resources/public/js/compiled/tmdb-movies.js" in 1.018 seconds.[0m
notifying browser that file changed:  resources/public/js/compiled/out/tmdb_movies/router.js
[0mCompiling "resources/public/js/compiled/tmdb-movies.js" from ["src"]...[0m
[32mSuccessfully compiled "resources/public/js/compiled/tmdb-movies.js" in 2.065 seconds.[0m
notifying browser that file changed:  resources/public/js/compiled/out/tmdb_movies/router.js
[0mCompiling "resources/public/js/compiled/tmdb-movies.js" from ["src"]...[0m
[32mSuccessfully compiled "resources/public/js/compiled/tmdb-movies.js" in 0.942 seconds.[0m
notifying browser that file changed:  resources/public/js/compiled/out/tmdb_movies/router.js
[0mCompiling "resources/public/js/compiled/tmdb-movies.js" from ["src"]...[0m
[32mSuccessfully compiled "resources/public/js/compiled/tmdb-movies.js" in 1.0 seconds.[0m
notifying browser that file changed:  resources/public/js/compiled/out/tmdb_movies/router.js
[0mCompiling "resources/public/js/compiled/tmdb-movies.js" from ["src"]...[0m
[32mSuccessfully compiled "resources/public/js/compiled/tmdb-movies.js" in 1.032 seconds.[0m
notifying browser that file changed:  resources/public/js/compiled/out/tmdb_movies/router.js
[0mCompiling "resources/public/js/compiled/tmdb-movies.js" from ["src"]...[0m
[32mSuccessfully compiled "resources/public/js/compiled/tmdb-movies.js" in 0.78 seconds.[0m
notifying browser that file changed:  resources/public/js/compiled/out/tmdb_movies/router.js
[0mCompiling "resources/public/js/compiled/tmdb-movies.js" from ["src"]...[0m
[36m----  Compiler Warning on   src/csv-editor/router.cljs   line:24  column:37  ----[0m

  [1mUse of undeclared Var tmdb-movies.router/not-empty?[0m

  [36m20[0m  [36m(defn equal-path? [href url][0m
  [36m21[0m  [36m  (re-matches (url-to-regexp href) url))[0m
  [36m22[0m  [36m[0m
  [36m23[0m  [36m(defn find-route [routes next-href][0m
  [33m24[0m  [1m  (let [next-route (first (filter #(not-empty? (equal-path? (:href %) next-href)) routes))][0m
  [0m  [0m  [33m                                    ^--- Use of undeclared Var tmdb-movies.router/not-empty?[0m
  [36m25[0m  [36m    (js/console.log next-route)))[0m
  [36m26[0m  [36m[0m
  [36m27[0m  [36m(defn on-hash-change [][0m
  [36m28[0m  [36m  (let [next-href (subs (aget js/window "location" "hash") 1)[0m
  [36m29[0m  [36m        next-route (first (filter #(= next-href (:href %)) routes))][0m

[36m----  Compiler Warning : Please see src/csv-editor/router.cljs  ----[0m
[32mSuccessfully compiled "resources/public/js/compiled/tmdb-movies.js" in 1.564 seconds.[0m
notifying browser that file changed:  resources/public/js/compiled/out/tmdb_movies/router.js
[0mCompiling "resources/public/js/compiled/tmdb-movies.js" from ["src"]...[0m
[32mSuccessfully compiled "resources/public/js/compiled/tmdb-movies.js" in 1.114 seconds.[0m
notifying browser that file changed:  resources/public/js/compiled/out/tmdb_movies/router.js
[0mCompiling "resources/public/js/compiled/tmdb-movies.js" from ["src"]...[0m
[36m----  Compiler Warning on   src/csv-editor/router.cljs   line:30  column:22  ----[0m

  [1mUse of undeclared Var tmdb-movies.router/find-foute[0m

  [36m27[0m  [36m(defn on-hash-change [][0m
  [36m28[0m  [36m  (let [next-href (subs (aget js/window "location" "hash") 1)[0m
  [36m29[0m  [36m        next-route (first (filter #(= next-href (:href %)) routes))][0m
  [33m30[0m  [1m    (js/console.log (find-foute routes next-href))[0m
  [0m  [0m  [33m                     ^--- Use of undeclared Var tmdb-movies.router/find-foute[0m
  [36m31[0m  [36m    (when-not (nil? next-route) (swap! router-state assoc :current-component (:component next-route)))))[0m
  [36m32[0m  [36m[0m
  [36m33[0m  [36m(js/console.log (clj->js (equal-path? "/movie/:id/actor/:actorId" "/movie/16/actor/48")))[0m
  [36m34[0m  [36m[0m
  [36m35[0m  [36m(.addEventListener js/window "hashchange" on-hash-change)[0m

[36m----  Compiler Warning : Please see src/csv-editor/router.cljs  ----[0m
[32mSuccessfully compiled "resources/public/js/compiled/tmdb-movies.js" in 0.995 seconds.[0m
notifying browser that file changed:  resources/public/js/compiled/out/tmdb_movies/router.js
[0mCompiling "resources/public/js/compiled/tmdb-movies.js" from ["src"]...[0m
[32mSuccessfully compiled "resources/public/js/compiled/tmdb-movies.js" in 1.1 seconds.[0m
notifying browser that file changed:  resources/public/js/compiled/out/tmdb_movies/router.js
[0mCompiling "resources/public/js/compiled/tmdb-movies.js" from ["src"]...[0m
[32mSuccessfully compiled "resources/public/js/compiled/tmdb-movies.js" in 1.03 seconds.[0m
notifying browser that file changed:  resources/public/js/compiled/out/tmdb_movies/router.js
[0mCompiling "resources/public/js/compiled/tmdb-movies.js" from ["src"]...[0m
[32mSuccessfully compiled "resources/public/js/compiled/tmdb-movies.js" in 0.83 seconds.[0m
notifying browser that file changed:  resources/public/js/compiled/out/tmdb_movies/router.js
[0mCompiling "resources/public/js/compiled/tmdb-movies.js" from ["src"]...[0m
[32mSuccessfully compiled "resources/public/js/compiled/tmdb-movies.js" in 1.376 seconds.[0m
notifying browser that file changed:  resources/public/js/compiled/out/goog/deps.js
notifying browser that file changed:  resources/public/js/compiled/out/cljs_deps.js
notifying browser that file changed:  resources/public/js/compiled/out/tmdb_movies/router.js
[0mCompiling "resources/public/js/compiled/tmdb-movies.js" from ["src"]...[0m
[32mSuccessfully compiled "resources/public/js/compiled/tmdb-movies.js" in 1.085 seconds.[0m
notifying browser that file changed:  resources/public/js/compiled/out/tmdb_movies/router.js
[0mCompiling "resources/public/js/compiled/tmdb-movies.js" from ["src"]...[0m
[31mFailed to compile "resources/public/js/compiled/tmdb-movies.js" in 0.448 seconds.[0m
[36m----  Could not Analyze  src/csv-editor/router.cljs  ----[0m

  [1mNo such namespace: tmdb-movies.components.movie-page, could not locate tmdb_movies/components/movie_page.cljs, tmdb_movies/components/movie_page.cljc, or Closure namespace "tmdb-movies.components.movie-page" [0m

[36m----  Analysis Error : Please see src/csv-editor/router.cljs  ----[0m
[0mCompiling "resources/public/js/compiled/tmdb-movies.js" from ["src"]...[0m
[31mFailed to compile "resources/public/js/compiled/tmdb-movies.js" in 0.971 seconds.[0m
[36m----  Could not Analyze  src/csv-editor/router.cljs  ----[0m

  [1mNo such namespace: tmdb-movies.components.movie-page, could not locate tmdb_movies/components/movie_page.cljs, tmdb_movies/components/movie_page.cljc, or Closure namespace "tmdb-movies.components.movie-page" [0m

[36m----  Analysis Error : Please see src/csv-editor/router.cljs  ----[0m
[0mCompiling "resources/public/js/compiled/tmdb-movies.js" from ["src"]...[0m
[32mSuccessfully compiled "resources/public/js/compiled/tmdb-movies.js" in 1.086 seconds.[0m
notifying browser that file changed:  resources/public/js/compiled/out/cljs_deps.js
notifying browser that file changed:  resources/public/js/compiled/out/tmdb_movies/components/movie_page.js
[0mCompiling "resources/public/js/compiled/tmdb-movies.js" from ["src"]...[0m
[32mSuccessfully compiled "resources/public/js/compiled/tmdb-movies.js" in 1.947 seconds.[0m
notifying browser that file changed:  resources/public/js/compiled/out/tmdb_movies/router.js
[0mCompiling "resources/public/js/compiled/tmdb-movies.js" from ["src"]...[0m
[32mSuccessfully compiled "resources/public/js/compiled/tmdb-movies.js" in 2.592 seconds.[0m
notifying browser that file changed:  resources/public/js/compiled/out/tmdb_movies/router.js
[0mCompiling "resources/public/js/compiled/tmdb-movies.js" from ["src"]...[0m
[32mSuccessfully compiled "resources/public/js/compiled/tmdb-movies.js" in 2.16 seconds.[0m
notifying browser that file changed:  resources/public/js/compiled/out/tmdb_movies/router.js
[0mCompiling "resources/public/js/compiled/tmdb-movies.js" from ["src"]...[0m
[32mSuccessfully compiled "resources/public/js/compiled/tmdb-movies.js" in 2.103 seconds.[0m
notifying browser that file changed:  resources/public/js/compiled/out/tmdb_movies/router.js
[0mCompiling "resources/public/js/compiled/tmdb-movies.js" from ["src"]...[0m
[36m----  Compiler Warning on   src/csv-editor/router.cljs   line:34  column:6  ----[0m

  [1mUse of undeclared Var tmdb-movies.router/extract-params[0m

  [36m31[0m  [36m(defn on-hash-change [][0m
  [36m32[0m  [36m  (let [next-href (subs (aget js/window "location" "hash") 1)[0m
  [36m33[0m  [36m        next-route (find-route routes next-href)][0m
  [33m34[0m  [1m    (extract-params (:href next-route) next-href)[0m
  [0m  [0m  [33m     ^--- Use of undeclared Var tmdb-movies.router/extract-params[0m
  [36m35[0m  [36m    (when-not (nil? next-route) [0m
  [36m36[0m  [36m      (swap! router-state assoc :current-component (:component next-route)))))[0m
  [36m37[0m  [36m[0m
  [36m38[0m  [36m(defn extract-params [href url][0m
  [36m39[0m  [36m  (let [groups (match-path href url)][0m

[36m----  Compiler Warning : Please see src/csv-editor/router.cljs  ----[0m
[32mSuccessfully compiled "resources/public/js/compiled/tmdb-movies.js" in 5.033 seconds.[0m
notifying browser that file changed:  resources/public/js/compiled/out/cljs_deps.js
notifying browser that file changed:  resources/public/js/compiled/out/tmdb_movies/router.js
[0mCompiling "resources/public/js/compiled/tmdb-movies.js" from ["src"]...[0m
[32mSuccessfully compiled "resources/public/js/compiled/tmdb-movies.js" in 2.063 seconds.[0m
notifying browser that file changed:  resources/public/js/compiled/out/tmdb_movies/router.js
[0mCompiling "resources/public/js/compiled/tmdb-movies.js" from ["src"]...[0m
[36m----  Compiler Warning on   src/csv-editor/router.cljs   line:32  column:17  ----[0m

  [1mUse of undeclared Var tmdb-movies.router/tail[0m

  [36m28[0m  [36m(defn find-route [routes next-href][0m
  [36m29[0m  [36m  (first (filter #(not-empty (match-path (:href %) next-href)) routes)))[0m
  [36m30[0m  [36m[0m
  [36m31[0m  [36m(defn extract-params [href url][0m
  [33m32[0m  [1m  (let [groups (tail (match-path href url))][0m
  [0m  [0m  [33m                ^--- Use of undeclared Var tmdb-movies.router/tail[0m
  [36m33[0m  [36m   (js/console.log (clj->js groups))))[0m
  [36m34[0m  [36m[0m
  [36m35[0m  [36m(defn on-hash-change [][0m
  [36m36[0m  [36m  (let [next-href (subs (aget js/window "location" "hash") 1)[0m
  [36m37[0m  [36m        next-route (find-route routes next-href)][0m

[36m----  Compiler Warning : Please see src/csv-editor/router.cljs  ----[0m
[32mSuccessfully compiled "resources/public/js/compiled/tmdb-movies.js" in 2.145 seconds.[0m
notifying browser that file changed:  resources/public/js/compiled/out/tmdb_movies/router.js
[0mCompiling "resources/public/js/compiled/tmdb-movies.js" from ["src"]...[0m
[32mSuccessfully compiled "resources/public/js/compiled/tmdb-movies.js" in 1.61 seconds.[0m
notifying browser that file changed:  resources/public/js/compiled/out/tmdb_movies/router.js
[0mCompiling "resources/public/js/compiled/tmdb-movies.js" from ["src"]...[0m
[32mSuccessfully compiled "resources/public/js/compiled/tmdb-movies.js" in 0.957 seconds.[0m
notifying browser that file changed:  resources/public/js/compiled/out/tmdb_movies/router.js
[0mCompiling "resources/public/js/compiled/tmdb-movies.js" from ["src"]...[0m
[32mSuccessfully compiled "resources/public/js/compiled/tmdb-movies.js" in 2.202 seconds.[0m
notifying browser that file changed:  resources/public/js/compiled/out/tmdb_movies/router.js
[0mCompiling "resources/public/js/compiled/tmdb-movies.js" from ["src"]...[0m
[32mSuccessfully compiled "resources/public/js/compiled/tmdb-movies.js" in 1.863 seconds.[0m
notifying browser that file changed:  resources/public/js/compiled/out/tmdb_movies/router.js
[0mCompiling "resources/public/js/compiled/tmdb-movies.js" from ["src"]...[0m
[32mSuccessfully compiled "resources/public/js/compiled/tmdb-movies.js" in 1.403 seconds.[0m
notifying browser that file changed:  resources/public/js/compiled/out/tmdb_movies/router.js
[0mCompiling "resources/public/js/compiled/tmdb-movies.js" from ["src"]...[0m
[32mSuccessfully compiled "resources/public/js/compiled/tmdb-movies.js" in 1.229 seconds.[0m
notifying browser that file changed:  resources/public/js/compiled/out/tmdb_movies/router.js
[0mCompiling "resources/public/js/compiled/tmdb-movies.js" from ["src"]...[0m
[32mSuccessfully compiled "resources/public/js/compiled/tmdb-movies.js" in 0.967 seconds.[0m
notifying browser that file changed:  resources/public/js/compiled/out/tmdb_movies/router.js
[0mCompiling "resources/public/js/compiled/tmdb-movies.js" from ["src"]...[0m
[32mSuccessfully compiled "resources/public/js/compiled/tmdb-movies.js" in 1.09 seconds.[0m
notifying browser that file changed:  resources/public/js/compiled/out/tmdb_movies/router.js
[0mCompiling "resources/public/js/compiled/tmdb-movies.js" from ["src"]...[0m
[32mSuccessfully compiled "resources/public/js/compiled/tmdb-movies.js" in 2.504 seconds.[0m
notifying browser that file changed:  resources/public/js/compiled/out/tmdb_movies/router.js
[0mCompiling "resources/public/js/compiled/tmdb-movies.js" from ["src"]...[0m
[32mSuccessfully compiled "resources/public/js/compiled/tmdb-movies.js" in 3.025 seconds.[0m
notifying browser that file changed:  resources/public/js/compiled/out/tmdb_movies/router.js
[0mCompiling "resources/public/js/compiled/tmdb-movies.js" from ["src"]...[0m
[32mSuccessfully compiled "resources/public/js/compiled/tmdb-movies.js" in 1.373 seconds.[0m
notifying browser that file changed:  resources/public/js/compiled/out/tmdb_movies/components/movie_card.js
[0mCompiling "resources/public/js/compiled/tmdb-movies.js" from ["src"]...[0m
[32mSuccessfully compiled "resources/public/js/compiled/tmdb-movies.js" in 0.917 seconds.[0m
notifying browser that file changed:  resources/public/js/compiled/out/tmdb_movies/router.js
[0mCompiling "resources/public/js/compiled/tmdb-movies.js" from ["src"]...[0m
[31mFailed to compile "resources/public/js/compiled/tmdb-movies.js" in 0.893 seconds.[0m
[36m----  Could not Read  src/csv-editor/router.cljs   line:33  column:45  ----[0m

  [1mUnmatched delimiter )[0m

  [36m31[0m  [36m(defn extract-params [href url][0m
  [36m32[0m  [36m  (let [values (rest (match-path href url))[0m
  [33m33[0m  [1m        keys (re-find url-param-regex href))[0m
  [0m  [0m  [33m                                            ^--- Unmatched delimiter )[0m
  [36m34[0m  [36m   (js/console.log (clj->js keys))))[0m
  [36m35[0m  [36m[0m
  [36m36[0m  [36m(defn on-hash-change [][0m

[36m----  Reader Error : Please see src/csv-editor/router.cljs  ----[0m
[0mCompiling "resources/public/js/compiled/tmdb-movies.js" from ["src"]...[0m
[32mSuccessfully compiled "resources/public/js/compiled/tmdb-movies.js" in 0.909 seconds.[0m
notifying browser that file changed:  resources/public/js/compiled/out/tmdb_movies/router.js
[0mCompiling "resources/public/js/compiled/tmdb-movies.js" from ["src"]...[0m
[36m----  Compiler Warning on   src/csv-editor/router.cljs   line:33  column:15  ----[0m

  [1mUse of undeclared Var tmdb-movies.router/re-match[0m

  [36m29[0m  [36m  (first (filter #(not-empty (match-path (:href %) next-href)) routes)))[0m
  [36m30[0m  [36m[0m
  [36m31[0m  [36m(defn extract-params [href url][0m
  [36m32[0m  [36m  (let [values (rest (match-path href url))[0m
  [33m33[0m  [1m        keys (re-match url-param-regex href)][0m
  [0m  [0m  [33m              ^--- Use of undeclared Var tmdb-movies.router/re-match[0m
  [36m34[0m  [36m   (js/console.log (clj->js keys))))[0m
  [36m35[0m  [36m[0m
  [36m36[0m  [36m(defn on-hash-change [][0m
  [36m37[0m  [36m  (let [next-href (subs (aget js/window "location" "hash") 1)[0m
  [36m38[0m  [36m        next-route (find-route routes next-href)][0m

[36m----  Compiler Warning : Please see src/csv-editor/router.cljs  ----[0m
[32mSuccessfully compiled "resources/public/js/compiled/tmdb-movies.js" in 1.254 seconds.[0m
notifying browser that file changed:  resources/public/js/compiled/out/tmdb_movies/router.js
[0mCompiling "resources/public/js/compiled/tmdb-movies.js" from ["src"]...[0m
[32mSuccessfully compiled "resources/public/js/compiled/tmdb-movies.js" in 0.964 seconds.[0m
notifying browser that file changed:  resources/public/js/compiled/out/tmdb_movies/router.js
[0mCompiling "resources/public/js/compiled/tmdb-movies.js" from ["src"]...[0m
[32mSuccessfully compiled "resources/public/js/compiled/tmdb-movies.js" in 0.869 seconds.[0m
notifying browser that file changed:  resources/public/js/compiled/out/tmdb_movies/router.js
[0mCompiling "resources/public/js/compiled/tmdb-movies.js" from ["src"]...[0m
[32mSuccessfully compiled "resources/public/js/compiled/tmdb-movies.js" in 1.023 seconds.[0m
notifying browser that file changed:  resources/public/js/compiled/out/tmdb_movies/router.js
[0mCompiling "resources/public/js/compiled/tmdb-movies.js" from ["src"]...[0m
[32mSuccessfully compiled "resources/public/js/compiled/tmdb-movies.js" in 1.606 seconds.[0m
notifying browser that file changed:  resources/public/js/compiled/out/tmdb_movies/router.js
[0mCompiling "resources/public/js/compiled/tmdb-movies.js" from ["src"]...[0m
[32mSuccessfully compiled "resources/public/js/compiled/tmdb-movies.js" in 1.001 seconds.[0m
notifying browser that file changed:  resources/public/js/compiled/out/tmdb_movies/router.js
[0mCompiling "resources/public/js/compiled/tmdb-movies.js" from ["src"]...[0m
[32mSuccessfully compiled "resources/public/js/compiled/tmdb-movies.js" in 0.96 seconds.[0m
notifying browser that file changed:  resources/public/js/compiled/out/tmdb_movies/router.js
[0mCompiling "resources/public/js/compiled/tmdb-movies.js" from ["src"]...[0m
[32mSuccessfully compiled "resources/public/js/compiled/tmdb-movies.js" in 0.949 seconds.[0m
notifying browser that file changed:  resources/public/js/compiled/out/tmdb_movies/router.js
[0mCompiling "resources/public/js/compiled/tmdb-movies.js" from ["src"]...[0m
[32mSuccessfully compiled "resources/public/js/compiled/tmdb-movies.js" in 1.033 seconds.[0m
notifying browser that file changed:  resources/public/js/compiled/out/tmdb_movies/router.js
[0mCompiling "resources/public/js/compiled/tmdb-movies.js" from ["src"]...[0m
[32mSuccessfully compiled "resources/public/js/compiled/tmdb-movies.js" in 4.187 seconds.[0m
notifying browser that file changed:  resources/public/js/compiled/out/tmdb_movies/router.js
[0mCompiling "resources/public/js/compiled/tmdb-movies.js" from ["src"]...[0m
[32mSuccessfully compiled "resources/public/js/compiled/tmdb-movies.js" in 3.113 seconds.[0m
notifying browser that file changed:  resources/public/js/compiled/out/tmdb_movies/router.js
[0mCompiling "resources/public/js/compiled/tmdb-movies.js" from ["src"]...[0m
[32mSuccessfully compiled "resources/public/js/compiled/tmdb-movies.js" in 1.594 seconds.[0m
notifying browser that file changed:  resources/public/js/compiled/out/tmdb_movies/router.js
[0mCompiling "resources/public/js/compiled/tmdb-movies.js" from ["src"]...[0m
[32mSuccessfully compiled "resources/public/js/compiled/tmdb-movies.js" in 0.813 seconds.[0m
notifying browser that file changed:  resources/public/js/compiled/out/tmdb_movies/router.js
[0mCompiling "resources/public/js/compiled/tmdb-movies.js" from ["src"]...[0m
[32mSuccessfully compiled "resources/public/js/compiled/tmdb-movies.js" in 2.795 seconds.[0m
notifying browser that file changed:  resources/public/js/compiled/out/tmdb_movies/router.js
[0mCompiling "resources/public/js/compiled/tmdb-movies.js" from ["src"]...[0m
[32mSuccessfully compiled "resources/public/js/compiled/tmdb-movies.js" in 1.263 seconds.[0m
notifying browser that file changed:  resources/public/js/compiled/out/tmdb_movies/router.js
[0mCompiling "resources/public/js/compiled/tmdb-movies.js" from ["src"]...[0m
[32mSuccessfully compiled "resources/public/js/compiled/tmdb-movies.js" in 1.949 seconds.[0m
notifying browser that file changed:  resources/public/js/compiled/out/tmdb_movies/router.js
[0mCompiling "resources/public/js/compiled/tmdb-movies.js" from ["src"]...[0m
[36m----  Compiler Warning on   src/csv-editor/router.cljs   line:52  column:18  ----[0m

  [1mWrong number of args (2) passed to cljs.core/keys[0m

  [36m48[0m  [36m(rum/defcs Router < rum/reactive [][0m
  [36m49[0m  [36m  ; (js/console.log (clj->js @router-state))[0m
  [36m50[0m  [36m  (let [Component (:current-component (rum/react router-state))][0m
  [36m51[0m  [36m    [:div[0m
  [33m52[0m  [1m      (Component (keys [:params] (rum/react router-state)))]))[0m
  [0m  [0m  [33m                 ^--- Wrong number of args (2) passed to cljs.core/keys[0m

[36m----  Compiler Warning : Please see src/csv-editor/router.cljs  ----[0m
[32mSuccessfully compiled "resources/public/js/compiled/tmdb-movies.js" in 3.406 seconds.[0m
notifying browser that file changed:  resources/public/js/compiled/out/tmdb_movies/router.js
[0mCompiling "resources/public/js/compiled/tmdb-movies.js" from ["src"]...[0m
[32mSuccessfully compiled "resources/public/js/compiled/tmdb-movies.js" in 2.006 seconds.[0m
notifying browser that file changed:  resources/public/js/compiled/out/tmdb_movies/router.js
[0mCompiling "resources/public/js/compiled/tmdb-movies.js" from ["src"]...[0m
[32mSuccessfully compiled "resources/public/js/compiled/tmdb-movies.js" in 3.418 seconds.[0m
notifying browser that file changed:  resources/public/js/compiled/out/tmdb_movies/router.js
[0mCompiling "resources/public/js/compiled/tmdb-movies.js" from ["src"]...[0m
[32mSuccessfully compiled "resources/public/js/compiled/tmdb-movies.js" in 1.377 seconds.[0m
notifying browser that file changed:  resources/public/js/compiled/out/tmdb_movies/components/movie_card.js
[0mCompiling "resources/public/js/compiled/tmdb-movies.js" from ["src"]...[0m
[32mSuccessfully compiled "resources/public/js/compiled/tmdb-movies.js" in 4.433 seconds.[0m
notifying browser that file changed:  resources/public/js/compiled/out/tmdb_movies/utils/api.js
[0mCompiling "resources/public/js/compiled/tmdb-movies.js" from ["src"]...[0m
[32mSuccessfully compiled "resources/public/js/compiled/tmdb-movies.js" in 4.262 seconds.[0m
notifying browser that file changed:  resources/public/js/compiled/out/tmdb_movies/utils/api.js
[0mCompiling "resources/public/js/compiled/tmdb-movies.js" from ["src"]...[0m
[32mSuccessfully compiled "resources/public/js/compiled/tmdb-movies.js" in 1.134 seconds.[0m
notifying browser that file changed:  resources/public/js/compiled/out/tmdb_movies/utils/api.js
[0mCompiling "resources/public/js/compiled/tmdb-movies.js" from ["src"]...[0m
[32mSuccessfully compiled "resources/public/js/compiled/tmdb-movies.js" in 1.234 seconds.[0m
notifying browser that file changed:  resources/public/js/compiled/out/tmdb_movies/utils/api.js
[0mCompiling "resources/public/js/compiled/tmdb-movies.js" from ["src"]...[0m
[32mSuccessfully compiled "resources/public/js/compiled/tmdb-movies.js" in 0.937 seconds.[0m
notifying browser that file changed:  resources/public/js/compiled/out/cljs_deps.js
notifying browser that file changed:  resources/public/js/compiled/out/tmdb_movies/components/movie_page.js
[0mCompiling "resources/public/js/compiled/tmdb-movies.js" from ["src"]...[0m
[32mSuccessfully compiled "resources/public/js/compiled/tmdb-movies.js" in 0.925 seconds.[0m
notifying browser that file changed:  resources/public/js/compiled/out/tmdb_movies/router.js
[0mCompiling "resources/public/js/compiled/tmdb-movies.js" from ["src"]...[0m
[32mSuccessfully compiled "resources/public/js/compiled/tmdb-movies.js" in 1.025 seconds.[0m
notifying browser that file changed:  resources/public/js/compiled/out/tmdb_movies/router.js
[0mCompiling "resources/public/js/compiled/tmdb-movies.js" from ["src"]...[0m
[32mSuccessfully compiled "resources/public/js/compiled/tmdb-movies.js" in 1.822 seconds.[0m
notifying browser that file changed:  resources/public/js/compiled/out/tmdb_movies/components/movie_page.js
[0mCompiling "resources/public/js/compiled/tmdb-movies.js" from ["src"]...[0m
[32mSuccessfully compiled "resources/public/js/compiled/tmdb-movies.js" in 1.247 seconds.[0m
notifying browser that file changed:  resources/public/js/compiled/out/tmdb_movies/app.js
[0mCompiling "resources/public/js/compiled/tmdb-movies.js" from ["src"]...[0m
[31mFailed to compile "resources/public/js/compiled/tmdb-movies.js" in 0.473 seconds.[0m
[36m----  Could not Analyze  src/csv-editor/components/movie-page.cljs   line:9  column:1  ----[0m

  [1mSyntax error at (<rum/reactive [movie] (js/console.log (clj->js movie)) [:div])[0m

  [36m 7[0m  [36m   :error? false})[0m
  [36m 8[0m  [36m[0m
  [33m 9[0m  [1m(rum/defc MoviePage <rum/reactive [movie][0m
  [0m  [0m  [33m^--- Syntax error at (<rum/reactive [movie] (js/console.log (clj->js movie)) [:div])[0m
  [36m10[0m  [36m  (js/console.log (clj->js movie))[0m
  [36m11[0m  [36m  [:div])[0m

[36m----  Analysis Error : Please see src/csv-editor/components/movie-page.cljs  ----[0m
[0mCompiling "resources/public/js/compiled/tmdb-movies.js" from ["src"]...[0m
[32mSuccessfully compiled "resources/public/js/compiled/tmdb-movies.js" in 1.213 seconds.[0m
notifying browser that file changed:  resources/public/js/compiled/out/tmdb_movies/components/movie_page.js
[0mCompiling "resources/public/js/compiled/tmdb-movies.js" from ["src"]...[0m
[32mSuccessfully compiled "resources/public/js/compiled/tmdb-movies.js" in 0.872 seconds.[0m
notifying browser that file changed:  resources/public/js/compiled/out/tmdb_movies/components/movie_page.js
[0mCompiling "resources/public/js/compiled/tmdb-movies.js" from ["src"]...[0m
[32mSuccessfully compiled "resources/public/js/compiled/tmdb-movies.js" in 0.995 seconds.[0m
notifying browser that file changed:  resources/public/js/compiled/out/tmdb_movies/components/movie_page.js
[0mCompiling "resources/public/js/compiled/tmdb-movies.js" from ["src"]...[0m
[31mFailed to compile "resources/public/js/compiled/tmdb-movies.js" in 2.017 seconds.[0m
[36m----  Could not Read  src/csv-editor/router.cljs   line:43  column:90  ----[0m

  [1mUnmatched delimiter )[0m

  [36m41[0m  [36m    (when-not (nil? next-route) [0m
  [36m42[0m  [36m      (swap! router-state assoc :route next-route) [0m
  [33m43[0m  [1m                                :params (extract-params (:href next-route) next-href)))))[0m
  [0m  [0m  [33m                                                                                         ^--- Unmatched delimiter )[0m
  [36m44[0m  [36m[0m
  [36m45[0m  [36m; (js/console.log (clj->js (equal-path? "/movie/:id/actor/:actorId" "/movie/16/actor/48")))[0m

[36m----  Reader Error : Please see src/csv-editor/router.cljs  ----[0m
[0mCompiling "resources/public/js/compiled/tmdb-movies.js" from ["src"]...[0m
[32mSuccessfully compiled "resources/public/js/compiled/tmdb-movies.js" in 1.726 seconds.[0m
notifying browser that file changed:  resources/public/js/compiled/out/tmdb_movies/router.js
[0mCompiling "resources/public/js/compiled/tmdb-movies.js" from ["src"]...[0m
[32mSuccessfully compiled "resources/public/js/compiled/tmdb-movies.js" in 1.003 seconds.[0m
notifying browser that file changed:  resources/public/js/compiled/out/tmdb_movies/router.js
[0mCompiling "resources/public/js/compiled/tmdb-movies.js" from ["src"]...[0m
[32mSuccessfully compiled "resources/public/js/compiled/tmdb-movies.js" in 0.958 seconds.[0m
notifying browser that file changed:  resources/public/js/compiled/out/tmdb_movies/router.js
[0mCompiling "resources/public/js/compiled/tmdb-movies.js" from ["src"]...[0m
[32mSuccessfully compiled "resources/public/js/compiled/tmdb-movies.js" in 2.126 seconds.[0m
notifying browser that file changed:  resources/public/js/compiled/out/tmdb_movies/router.js
[0mCompiling "resources/public/js/compiled/tmdb-movies.js" from ["src"]...[0m
[36m----  Compiler Warning on   src/csv-editor/router.cljs   line:44  column:76  ----[0m

  [1mUse of undeclared Var tmdb-movies.router/next-href[0m

  [36m40[0m  [36m(defn on-hash-change [][0m
  [36m41[0m  [36m  (let [next-route (get-route routes)][0m
  [36m42[0m  [36m    (when-not (nil? next-route) [0m
  [36m43[0m  [36m      (swap! router-state assoc :route next-route[0m
  [33m44[0m  [1m                                :params (extract-params (:href next-route) next-href)))))[0m
  [0m  [0m  [33m                                                                           ^--- Use of undeclared Var tmdb-movies.router/next-href[0m
  [36m45[0m  [36m[0m
  [36m46[0m  [36m(.addEventListener js/window "hashchange" on-hash-change)[0m
  [36m47[0m  [36m[0m
  [36m48[0m  [36m; TODO: Pass map with params[0m
  [36m49[0m  [36m(rum/defcs Router < rum/reactive [][0m

[36m----  Compiler Warning : Please see src/csv-editor/router.cljs  ----[0m
[32mSuccessfully compiled "resources/public/js/compiled/tmdb-movies.js" in 1.488 seconds.[0m
notifying browser that file changed:  resources/public/js/compiled/out/tmdb_movies/router.js
[0mCompiling "resources/public/js/compiled/tmdb-movies.js" from ["src"]...[0m
[36m----  Compiler Warning on   src/csv-editor/router.cljs   line:14  column:25  ----[0m

  [1mUse of undeclared Var tmdb-movies.router/init-state[0m

  [36m10[0m  [36m    :href "/movie/:id"}])[0m
  [36m11[0m  [36m[0m
  [36m12[0m  [36m(def url-param-regex #":\w+")[0m
  [36m13[0m  [36m    [0m
  [33m14[0m  [1m(def router-state (atom init-state))[0m
  [0m  [0m  [33m                        ^--- Use of undeclared Var tmdb-movies.router/init-state[0m
  [36m15[0m  [36m[0m
  [36m16[0m  [36m(defn href-to-regexp [url][0m
  [36m17[0m  [36m  (re-pattern (clojure.string/replace url url-param-regex "(.*)")))[0m
  [36m18[0m  [36m[0m
  [36m19[0m  [36m(defn match-path [href url][0m

[36m----  Compiler Warning : Please see src/csv-editor/router.cljs  ----[0m
[36m----  Compiler Warning on   src/csv-editor/router.cljs   line:39  column:76  ----[0m

  [1mUse of undeclared Var tmdb-movies.router/next-href[0m

  [36m35[0m  [36m(defn on-hash-change [][0m
  [36m36[0m  [36m  (let [next-route (get-route routes)][0m
  [36m37[0m  [36m    (when-not (nil? next-route) [0m
  [36m38[0m  [36m      (swap! router-state assoc :route next-route[0m
  [33m39[0m  [1m                                :params (extract-params (:href next-route) next-href)))))[0m
  [0m  [0m  [33m                                                                           ^--- Use of undeclared Var tmdb-movies.router/next-href[0m
  [36m40[0m  [36m[0m
  [36m41[0m  [36m(.addEventListener js/window "hashchange" on-hash-change)[0m
  [36m42[0m  [36m[0m
  [36m43[0m  [36m; TODO: Move next-route to state[0m
  [36m44[0m  [36m(def init-state [0m

[36m----  Compiler Warning : Please see src/csv-editor/router.cljs  ----[0m
[32mSuccessfully compiled "resources/public/js/compiled/tmdb-movies.js" in 1.146 seconds.[0m
notifying browser that file changed:  resources/public/js/compiled/out/tmdb_movies/router.js
[0mCompiling "resources/public/js/compiled/tmdb-movies.js" from ["src"]...[0m
[36m----  Compiler Warning on   src/csv-editor/router.cljs   line:36  column:14  ----[0m

  [1mUse of undeclared Var tmdb-movies.router/router-state[0m

  [36m33[0m  [36m(defn on-hash-change [][0m
  [36m34[0m  [36m  (let [next-route (get-route routes)][0m
  [36m35[0m  [36m    (when-not (nil? next-route) [0m
  [33m36[0m  [1m      (swap! router-state assoc :route next-route[0m
  [0m  [0m  [33m             ^--- Use of undeclared Var tmdb-movies.router/router-state[0m
  [36m37[0m  [36m                                :params (extract-params (:href next-route) next-href)))))[0m
  [36m38[0m  [36m[0m
  [36m39[0m  [36m(.addEventListener js/window "hashchange" on-hash-change)[0m
  [36m40[0m  [36m[0m
  [36m41[0m  [36m; TODO: Move next-route to state[0m

[36m----  Compiler Warning : Please see src/csv-editor/router.cljs  ----[0m
[36m----  Compiler Warning on   src/csv-editor/router.cljs   line:37  column:76  ----[0m

  [1mUse of undeclared Var tmdb-movies.router/next-href[0m

  [36m33[0m  [36m(defn on-hash-change [][0m
  [36m34[0m  [36m  (let [next-route (get-route routes)][0m
  [36m35[0m  [36m    (when-not (nil? next-route) [0m
  [36m36[0m  [36m      (swap! router-state assoc :route next-route[0m
  [33m37[0m  [1m                                :params (extract-params (:href next-route) next-href)))))[0m
  [0m  [0m  [33m                                                                           ^--- Use of undeclared Var tmdb-movies.router/next-href[0m
  [36m38[0m  [36m[0m
  [36m39[0m  [36m(.addEventListener js/window "hashchange" on-hash-change)[0m
  [36m40[0m  [36m[0m
  [36m41[0m  [36m; TODO: Move next-route to state[0m
  [36m42[0m  [36m(def init-state [0m

[36m----  Compiler Warning : Please see src/csv-editor/router.cljs  ----[0m
[32mSuccessfully compiled "resources/public/js/compiled/tmdb-movies.js" in 1.194 seconds.[0m
notifying browser that file changed:  resources/public/js/compiled/out/tmdb_movies/router.js
[0mCompiling "resources/public/js/compiled/tmdb-movies.js" from ["src"]...[0m
[36m----  Compiler Warning on   src/csv-editor/router.cljs   line:43  column:76  ----[0m

  [1mUse of undeclared Var tmdb-movies.router/next-href[0m

  [36m39[0m  [36m(defn on-hash-change [][0m
  [36m40[0m  [36m  (let [next-route (get-route routes)][0m
  [36m41[0m  [36m    (when-not (nil? next-route) [0m
  [36m42[0m  [36m      (swap! router-state assoc :route next-route[0m
  [33m43[0m  [1m                                :params (extract-params (:href next-route) next-href)))))[0m
  [0m  [0m  [33m                                                                           ^--- Use of undeclared Var tmdb-movies.router/next-href[0m
  [36m44[0m  [36m[0m
  [36m45[0m  [36m(.addEventListener js/window "hashchange" on-hash-change)[0m
  [36m46[0m  [36m[0m
  [36m47[0m  [36m; TODO: Pass map with params[0m
  [36m48[0m  [36m(rum/defcs Router < rum/reactive [][0m

[36m----  Compiler Warning : Please see src/csv-editor/router.cljs  ----[0m
[32mSuccessfully compiled "resources/public/js/compiled/tmdb-movies.js" in 2.505 seconds.[0m
notifying browser that file changed:  resources/public/js/compiled/out/tmdb_movies/router.js
[0mCompiling "resources/public/js/compiled/tmdb-movies.js" from ["src"]...[0m
[36m----  Compiler Warning on   src/csv-editor/router.cljs   line:46  column:76  ----[0m

  [1mUse of undeclared Var tmdb-movies.router/next-href[0m

  [36m42[0m  [36m(defn on-hash-change [][0m
  [36m43[0m  [36m  (let [next-route (get-route routes)][0m
  [36m44[0m  [36m    (when-not (nil? next-route) [0m
  [36m45[0m  [36m      (swap! router-state assoc :route next-route[0m
  [33m46[0m  [1m                                :params (extract-params (:href next-route) next-href)))))[0m
  [0m  [0m  [33m                                                                           ^--- Use of undeclared Var tmdb-movies.router/next-href[0m
  [36m47[0m  [36m[0m
  [36m48[0m  [36m(.addEventListener js/window "hashchange" on-hash-change)[0m
  [36m49[0m  [36m[0m
  [36m50[0m  [36m; TODO: Pass map with params[0m
  [36m51[0m  [36m(rum/defcs Router < rum/reactive [][0m

[36m----  Compiler Warning : Please see src/csv-editor/router.cljs  ----[0m
[32mSuccessfully compiled "resources/public/js/compiled/tmdb-movies.js" in 3.0 seconds.[0m
notifying browser that file changed:  resources/public/js/compiled/out/tmdb_movies/router.js
[0mCompiling "resources/public/js/compiled/tmdb-movies.js" from ["src"]...[0m
[32mSuccessfully compiled "resources/public/js/compiled/tmdb-movies.js" in 1.174 seconds.[0m
notifying browser that file changed:  resources/public/js/compiled/out/tmdb_movies/router.js
[0mCompiling "resources/public/js/compiled/tmdb-movies.js" from ["src"]...[0m
[32mSuccessfully compiled "resources/public/js/compiled/tmdb-movies.js" in 1.048 seconds.[0m
notifying browser that file changed:  resources/public/js/compiled/out/tmdb_movies/router.js
[0mCompiling "resources/public/js/compiled/tmdb-movies.js" from ["src"]...[0m
[32mSuccessfully compiled "resources/public/js/compiled/tmdb-movies.js" in 0.967 seconds.[0m
notifying browser that file changed:  resources/public/js/compiled/out/tmdb_movies/router.js
[0mCompiling "resources/public/js/compiled/tmdb-movies.js" from ["src"]...[0m
[32mSuccessfully compiled "resources/public/js/compiled/tmdb-movies.js" in 1.062 seconds.[0m
notifying browser that file changed:  resources/public/js/compiled/out/tmdb_movies/router.js
[0mCompiling "resources/public/js/compiled/tmdb-movies.js" from ["src"]...[0m
[32mSuccessfully compiled "resources/public/js/compiled/tmdb-movies.js" in 1.085 seconds.[0m
notifying browser that file changed:  resources/public/js/compiled/out/tmdb_movies/router.js
[0mCompiling "resources/public/js/compiled/tmdb-movies.js" from ["src"]...[0m
[32mSuccessfully compiled "resources/public/js/compiled/tmdb-movies.js" in 0.972 seconds.[0m
notifying browser that file changed:  resources/public/js/compiled/out/tmdb_movies/router.js
[0mCompiling "resources/public/js/compiled/tmdb-movies.js" from ["src"]...[0m
[32mSuccessfully compiled "resources/public/js/compiled/tmdb-movies.js" in 1.63 seconds.[0m
notifying browser that file changed:  resources/public/js/compiled/out/tmdb_movies/router.js
[0mCompiling "resources/public/js/compiled/tmdb-movies.js" from ["src"]...[0m
[32mSuccessfully compiled "resources/public/js/compiled/tmdb-movies.js" in 0.938 seconds.[0m
notifying browser that file changed:  resources/public/js/compiled/out/tmdb_movies/router.js
[0mCompiling "resources/public/js/compiled/tmdb-movies.js" from ["src"]...[0m
[31mFailed to compile "resources/public/js/compiled/tmdb-movies.js" in 0.256 seconds.[0m
[36m----  Could not Analyze  src/csv-editor/router.cljs   line:1  column:1  ----[0m

  [1m:refer must be followed by a sequence of symbols in :require / :require-macros; offending spec: [clojure.string :refer [:replace]] at line 1 src/csv-editor/router.cljs[0m

  [33m1[0m  [1m(ns tmdb-movies.router[0m
  [0m [0m  [33m^--- :refer must be followed by a sequence of symbols in :require / :require-macros; offending spec: [clojure.string :refer [:replace]] at line 1 src/csv-editor/router.cljs[0m
  [36m2[0m  [36m  (:require [rum.core :as rum] [0m
  [36m3[0m  [36m            [tmdb-movies.app :refer [App]][0m
  [36m4[0m  [36m            [clojure.string :refer [:replace]][0m

[36m----  Analysis Error : Please see src/csv-editor/router.cljs  ----[0m
[0mCompiling "resources/public/js/compiled/tmdb-movies.js" from ["src"]...[0m
[32mSuccessfully compiled "resources/public/js/compiled/tmdb-movies.js" in 1.058 seconds.[0m
notifying browser that file changed:  resources/public/js/compiled/out/cljs_deps.js
notifying browser that file changed:  resources/public/js/compiled/out/tmdb_movies/router.js
[0mCompiling "resources/public/js/compiled/tmdb-movies.js" from ["src"]...[0m
[32mSuccessfully compiled "resources/public/js/compiled/tmdb-movies.js" in 1.32 seconds.[0m
notifying browser that file changed:  resources/public/js/compiled/out/tmdb_movies/router.js
[0mCompiling "resources/public/js/compiled/tmdb-movies.js" from ["src"]...[0m
[32mSuccessfully compiled "resources/public/js/compiled/tmdb-movies.js" in 1.113 seconds.[0m
notifying browser that file changed:  resources/public/js/compiled/out/tmdb_movies/router.js
[0mCompiling "resources/public/js/compiled/tmdb-movies.js" from ["src"]...[0m
[32mSuccessfully compiled "resources/public/js/compiled/tmdb-movies.js" in 0.882 seconds.[0m
notifying browser that file changed:  resources/public/js/compiled/out/tmdb_movies/router.js
[0mCompiling "resources/public/js/compiled/tmdb-movies.js" from ["src"]...[0m
[36m----  Compiler Warning on   src/csv-editor/router.cljs   line:24  column:16  ----[0m

  [1mUse of undeclared Var tmdb-movies.router/href-to-regexp[0m

  [36m20[0m  [36m(def router-state (atom init-state))[0m
  [36m21[0m  [36m[0m
  [36m22[0m  [36m(defn match-path [href url][0m
  [36m23[0m  [36m  (let [pattern (re-pattern (string/replace href url-param-regex "(.*)"))])[0m
  [33m24[0m  [1m  (re-matches (href-to-regexp href) url))[0m
  [0m  [0m  [33m               ^--- Use of undeclared Var tmdb-movies.router/href-to-regexp[0m
  [36m25[0m  [36m[0m
  [36m26[0m  [36m; TODO consider adding macros for vector find[0m
  [36m27[0m  [36m(defn find-route [routes next-href][0m
  [36m28[0m  [36m  (first (filter #(not-empty (match-path (:href %) next-href)) routes)))[0m

[36m----  Compiler Warning : Please see src/csv-editor/router.cljs  ----[0m
[32mSuccessfully compiled "resources/public/js/compiled/tmdb-movies.js" in 1.872 seconds.[0m
notifying browser that file changed:  resources/public/js/compiled/out/tmdb_movies/router.js
[0mCompiling "resources/public/js/compiled/tmdb-movies.js" from ["src"]...[0m
[36m----  Compiler Warning on   src/csv-editor/router.cljs   line:24  column:17  ----[0m

  [1mUse of undeclared Var tmdb-movies.router/href-to-regexp[0m

  [36m20[0m  [36m(def router-state (atom init-state))[0m
  [36m21[0m  [36m[0m
  [36m22[0m  [36m(defn match-path [href url][0m
  [36m23[0m  [36m  (let [pattern (re-pattern (string/replace href url-param-regex "(.*)"))][0m
  [33m24[0m  [1m   (re-matches (href-to-regexp href) url)))[0m
  [0m  [0m  [33m                ^--- Use of undeclared Var tmdb-movies.router/href-to-regexp[0m
  [36m25[0m  [36m[0m
  [36m26[0m  [36m; TODO consider adding macros for vector find[0m
  [36m27[0m  [36m(defn find-route [routes next-href][0m
  [36m28[0m  [36m  (first (filter #(not-empty (match-path (:href %) next-href)) routes)))[0m

[36m----  Compiler Warning : Please see src/csv-editor/router.cljs  ----[0m
[32mSuccessfully compiled "resources/public/js/compiled/tmdb-movies.js" in 1.327 seconds.[0m
notifying browser that file changed:  resources/public/js/compiled/out/tmdb_movies/router.js
[0mCompiling "resources/public/js/compiled/tmdb-movies.js" from ["src"]...[0m
[32mSuccessfully compiled "resources/public/js/compiled/tmdb-movies.js" in 0.963 seconds.[0m
notifying browser that file changed:  resources/public/js/compiled/out/tmdb_movies/router.js
[0mCompiling "resources/public/js/compiled/tmdb-movies.js" from ["src"]...[0m
[32mSuccessfully compiled "resources/public/js/compiled/tmdb-movies.js" in 0.879 seconds.[0m
notifying browser that file changed:  resources/public/js/compiled/out/tmdb_movies/router.js
[0mCompiling "resources/public/js/compiled/tmdb-movies.js" from ["src"]...[0m
[32mSuccessfully compiled "resources/public/js/compiled/tmdb-movies.js" in 0.971 seconds.[0m
notifying browser that file changed:  resources/public/js/compiled/out/tmdb_movies/router.js
[0mCompiling "resources/public/js/compiled/tmdb-movies.js" from ["src"]...[0m
[32mSuccessfully compiled "resources/public/js/compiled/tmdb-movies.js" in 1.113 seconds.[0m
notifying browser that file changed:  resources/public/js/compiled/out/tmdb_movies/router.js
[0mCompiling "resources/public/js/compiled/tmdb-movies.js" from ["src"]...[0m
[31mFailed to compile "resources/public/js/compiled/tmdb-movies.js" in 1.721 seconds.[0m
[36m----  Could not Analyze  src/csv-editor/router.cljs   line:45  column:1  ----[0m

  [1mParameter declaration missing[0m

  [36m43[0m  [36m(select-route)[0m
  [36m44[0m  [36m[0m
  [33m45[0m  [1m(defn init-route-mixin[0m
  [0m  [0m  [33m^--- Parameter declaration missing[0m
  [36m46[0m  [36m  { :init (fn [state props][0m
  [36m47[0m  [36m           (js/console.log (clj->js state) (clj->js props))[0m
  [36m48[0m  [36m           state)})[0m

[36m----  Analysis Error : Please see src/csv-editor/router.cljs  ----[0m
[0mCompiling "resources/public/js/compiled/tmdb-movies.js" from ["src"]...[0m
[32mSuccessfully compiled "resources/public/js/compiled/tmdb-movies.js" in 1.144 seconds.[0m
notifying browser that file changed:  resources/public/js/compiled/out/tmdb_movies/router.js
[0mCompiling "resources/public/js/compiled/tmdb-movies.js" from ["src"]...[0m
[32mSuccessfully compiled "resources/public/js/compiled/tmdb-movies.js" in 1.206 seconds.[0m
notifying browser that file changed:  resources/public/js/compiled/out/tmdb_movies/components/movie_page.js
[0mCompiling "resources/public/js/compiled/tmdb-movies.js" from ["src"]...[0m
[32mSuccessfully compiled "resources/public/js/compiled/tmdb-movies.js" in 1.058 seconds.[0m
notifying browser that file changed:  resources/public/js/compiled/out/tmdb_movies/router.js
[0mCompiling "resources/public/js/compiled/tmdb-movies.js" from ["src"]...[0m
[36m----  Compiler Warning on   src/csv-editor/router.cljs   line:30  column:32  ----[0m

  [1mUse of undeclared Var tmdb-movies.router/routes[0m

  [36m26[0m  [36m   (zipmap keys values)))[0m
  [36m27[0m  [36m[0m
  [36m28[0m  [36m(defn select-route [][0m
  [36m29[0m  [36m  (let [next-href (subs (aget js/window "location" "hash") 1)[0m
  [33m30[0m  [1m        next-route (find-route routes next-href)][0m
  [0m  [0m  [33m                               ^--- Use of undeclared Var tmdb-movies.router/routes[0m
  [36m31[0m  [36m    (when-not (nil? next-route) [0m
  [36m32[0m  [36m      (swap! router-state assoc :route next-route[0m
  [36m33[0m  [36m                                :params (extract-params (:href next-route) next-href)))))[0m
  [36m34[0m  [36m[0m
  [36m35[0m  [36m(.addEventListener js/window "hashchange" select-route)[0m

[36m----  Compiler Warning : Please see src/csv-editor/router.cljs  ----[0m
[32mSuccessfully compiled "resources/public/js/compiled/tmdb-movies.js" in 2.812 seconds.[0m
notifying browser that file changed:  resources/public/js/compiled/out/tmdb_movies/router.js
[0mCompiling "resources/public/js/compiled/tmdb-movies.js" from ["src"]...[0m
[36m----  Compiler Warning on   src/csv-editor/router.cljs   line:28  column:32  ----[0m

  [1mUse of undeclared Var tmdb-movies.router/routes[0m

  [36m24[0m  [36m   (zipmap keys values)))[0m
  [36m25[0m  [36m[0m
  [36m26[0m  [36m(defn select-route [][0m
  [36m27[0m  [36m  (let [next-href (subs (aget js/window "location" "hash") 1)[0m
  [33m28[0m  [1m        next-route (find-route routes next-href)][0m
  [0m  [0m  [33m                               ^--- Use of undeclared Var tmdb-movies.router/routes[0m
  [36m29[0m  [36m    (when-not (nil? next-route) [0m
  [36m30[0m  [36m      (swap! router-state assoc :route next-route[0m
  [36m31[0m  [36m                                :params (extract-params (:href next-route) next-href)))))[0m
  [36m32[0m  [36m[0m
  [36m33[0m  [36m(.addEventListener js/window "hashchange" select-route)[0m

[36m----  Compiler Warning : Please see src/csv-editor/router.cljs  ----[0m
[32mSuccessfully compiled "resources/public/js/compiled/tmdb-movies.js" in 2.275 seconds.[0m
notifying browser that file changed:  resources/public/js/compiled/out/cljs_deps.js
notifying browser that file changed:  resources/public/js/compiled/out/tmdb_movies/router.js
[0mCompiling "resources/public/js/compiled/tmdb-movies.js" from ["src"]...[0m
[32mSuccessfully compiled "resources/public/js/compiled/tmdb-movies.js" in 0.975 seconds.[0m
notifying browser that file changed:  resources/public/js/compiled/out/cljs_deps.js
notifying browser that file changed:  resources/public/js/compiled/out/tmdb_movies/core.js
[0mCompiling "resources/public/js/compiled/tmdb-movies.js" from ["src"]...[0m
[36m----  Compiler Warning on   src/csv-editor/router.cljs   line:37  column:40  ----[0m

  [1mUse of undeclared Var tmdb-movies.router/routes[0m

  [36m33[0m  [36m(.addEventListener js/window "hashchange" select-route)[0m
  [36m34[0m  [36m[0m
  [36m35[0m  [36m(def init-route-mixin[0m
  [36m36[0m  [36m  { :init (fn [state props][0m
  [33m37[0m  [1m           (select-route (first (:args routes)))[0m
  [0m  [0m  [33m                                       ^--- Use of undeclared Var tmdb-movies.router/routes[0m
  [36m38[0m  [36m           (js/console.log (clj->js state) (clj->js props))[0m
  [36m39[0m  [36m           state)})[0m
  [36m40[0m  [36m[0m
  [36m41[0m  [36m(rum/defcs Router[0m
  [36m42[0m  [36m  < rum/reactive [0m

[36m----  Compiler Warning : Please see src/csv-editor/router.cljs  ----[0m
[32mSuccessfully compiled "resources/public/js/compiled/tmdb-movies.js" in 1.068 seconds.[0m
notifying browser that file changed:  resources/public/js/compiled/out/tmdb_movies/router.js
[0mCompiling "resources/public/js/compiled/tmdb-movies.js" from ["src"]...[0m
[36m----  Compiler Warning on   src/csv-editor/router.cljs   line:35  column:39  ----[0m

  [1mUse of undeclared Var tmdb-movies.router/routes[0m

  [36m31[0m  [36m                                :params (extract-params (:href next-route) next-href)))))[0m
  [36m32[0m  [36m[0m
  [36m33[0m  [36m(def init-route-mixin[0m
  [36m34[0m  [36m  { :init (fn [state props][0m
  [33m35[0m  [1m           (let [routes (first (:args routes))][0m
  [0m  [0m  [33m                                      ^--- Use of undeclared Var tmdb-movies.router/routes[0m
  [36m36[0m  [36m            (js/console.log (clj->js state) (clj->js props) (clj->js routes))[0m
  [36m37[0m  [36m            (.addEventListener js/window "hashchange" #(select-route routes))[0m
  [36m38[0m  [36m            (select-route routes))[0m
  [36m39[0m  [36m           state)})[0m

[36m----  Compiler Warning : Please see src/csv-editor/router.cljs  ----[0m
[32mSuccessfully compiled "resources/public/js/compiled/tmdb-movies.js" in 1.664 seconds.[0m
notifying browser that file changed:  resources/public/js/compiled/out/tmdb_movies/router.js
[0mCompiling "resources/public/js/compiled/tmdb-movies.js" from ["src"]...[0m
[32mSuccessfully compiled "resources/public/js/compiled/tmdb-movies.js" in 0.887 seconds.[0m
notifying browser that file changed:  resources/public/js/compiled/out/tmdb_movies/router.js
[0mCompiling "resources/public/js/compiled/tmdb-movies.js" from ["src"]...[0m
[32mSuccessfully compiled "resources/public/js/compiled/tmdb-movies.js" in 0.858 seconds.[0m
notifying browser that file changed:  resources/public/js/compiled/out/tmdb_movies/router.js
[0mCompiling "resources/public/js/compiled/tmdb-movies.js" from ["src"]...[0m
[32mSuccessfully compiled "resources/public/js/compiled/tmdb-movies.js" in 1.031 seconds.[0m
notifying browser that file changed:  resources/public/js/compiled/out/tmdb_movies/router.js
[0mCompiling "resources/public/js/compiled/tmdb-movies.js" from ["src"]...[0m
[31mFailed to compile "resources/public/js/compiled/tmdb-movies.js" in 0.554 seconds.[0m
[36m----  Could not Read  src/csv-editor/router.cljs   line:35  column:39  ----[0m

  [1mUnmatched delimiter )[0m

  [36m33[0m  [36m(def init-route-mixin[0m
  [36m34[0m  [36m  { :init (fn [state props][0m
  [33m35[0m  [1m           (let [routes (:args state))][0m
  [0m  [0m  [33m                                      ^--- Unmatched delimiter )[0m
  [36m36[0m  [36m            (js/console.log (clj->js routes))[0m
  [36m37[0m  [36m            (.addEventListener js/window "hashchange" #(select-route routes))[0m
  [36m38[0m  [36m            (select-route routes))[0m

[36m----  Reader Error : Please see src/csv-editor/router.cljs  ----[0m
[0mCompiling "resources/public/js/compiled/tmdb-movies.js" from ["src"]...[0m
[32mSuccessfully compiled "resources/public/js/compiled/tmdb-movies.js" in 0.968 seconds.[0m
notifying browser that file changed:  resources/public/js/compiled/out/tmdb_movies/router.js
[0mCompiling "resources/public/js/compiled/tmdb-movies.js" from ["src"]...[0m
[32mSuccessfully compiled "resources/public/js/compiled/tmdb-movies.js" in 0.918 seconds.[0m
notifying browser that file changed:  resources/public/js/compiled/out/tmdb_movies/router.js
[0mCompiling "resources/public/js/compiled/tmdb-movies.js" from ["src"]...[0m
[32mSuccessfully compiled "resources/public/js/compiled/tmdb-movies.js" in 0.787 seconds.[0m
notifying browser that file changed:  resources/public/js/compiled/out/tmdb_movies/router.js
[0mCompiling "resources/public/js/compiled/tmdb-movies.js" from ["src"]...[0m
[36m----  Compiler Warning on   src/csv-editor/router.cljs   line:36  column:43  ----[0m

  [1mWrong number of args (0) passed to :args[0m

  [36m33[0m  [36m(def init-route-mixin[0m
  [36m34[0m  [36m  { :init (fn [state props][0m
  [36m35[0m  [36m           (let [routes (:args state)][0m
  [33m36[0m  [1m            (js/console.log (get-in state (:args)))[0m
  [0m  [0m  [33m                                          ^--- Wrong number of args (0) passed to :args[0m
  [36m37[0m  [36m            (.addEventListener js/window "hashchange" #(select-route routes))[0m
  [36m38[0m  [36m            (select-route routes))[0m
  [36m39[0m  [36m           state)})[0m
  [36m40[0m  [36m[0m
  [36m41[0m  [36m(rum/defcs Router[0m

[36m----  Compiler Warning : Please see src/csv-editor/router.cljs  ----[0m
[32mSuccessfully compiled "resources/public/js/compiled/tmdb-movies.js" in 1.679 seconds.[0m
notifying browser that file changed:  resources/public/js/compiled/out/tmdb_movies/router.js
[0mCompiling "resources/public/js/compiled/tmdb-movies.js" from ["src"]...[0m
[32mSuccessfully compiled "resources/public/js/compiled/tmdb-movies.js" in 1.1 seconds.[0m
notifying browser that file changed:  resources/public/js/compiled/out/tmdb_movies/router.js
[0mCompiling "resources/public/js/compiled/tmdb-movies.js" from ["src"]...[0m
[32mSuccessfully compiled "resources/public/js/compiled/tmdb-movies.js" in 0.974 seconds.[0m
notifying browser that file changed:  resources/public/js/compiled/out/tmdb_movies/router.js
[0mCompiling "resources/public/js/compiled/tmdb-movies.js" from ["src"]...[0m
[32mSuccessfully compiled "resources/public/js/compiled/tmdb-movies.js" in 0.93 seconds.[0m
notifying browser that file changed:  resources/public/js/compiled/out/tmdb_movies/router.js
[0mCompiling "resources/public/js/compiled/tmdb-movies.js" from ["src"]...[0m
[32mSuccessfully compiled "resources/public/js/compiled/tmdb-movies.js" in 2.114 seconds.[0m
notifying browser that file changed:  resources/public/js/compiled/out/tmdb_movies/router.js
[0mCompiling "resources/public/js/compiled/tmdb-movies.js" from ["src"]...[0m
[32mSuccessfully compiled "resources/public/js/compiled/tmdb-movies.js" in 1.073 seconds.[0m
notifying browser that file changed:  resources/public/js/compiled/out/tmdb_movies/router.js
[0mCompiling "resources/public/js/compiled/tmdb-movies.js" from ["src"]...[0m
[32mSuccessfully compiled "resources/public/js/compiled/tmdb-movies.js" in 3.453 seconds.[0m
notifying browser that file changed:  resources/public/js/compiled/out/tmdb_movies/router.js
[0mCompiling "resources/public/js/compiled/tmdb-movies.js" from ["src"]...[0m
[32mSuccessfully compiled "resources/public/js/compiled/tmdb-movies.js" in 1.213 seconds.[0m
notifying browser that file changed:  resources/public/js/compiled/out/tmdb_movies/router.js
[0mCompiling "resources/public/js/compiled/tmdb-movies.js" from ["src"]...[0m
[32mSuccessfully compiled "resources/public/js/compiled/tmdb-movies.js" in 1.505 seconds.[0m
notifying browser that file changed:  resources/public/js/compiled/out/tmdb_movies/router.js
[0mCompiling "resources/public/js/compiled/tmdb-movies.js" from ["src"]...[0m
[32mSuccessfully compiled "resources/public/js/compiled/tmdb-movies.js" in 0.963 seconds.[0m
notifying browser that file changed:  resources/public/js/compiled/out/tmdb_movies/router.js
[0mCompiling "resources/public/js/compiled/tmdb-movies.js" from ["src"]...[0m
[32mSuccessfully compiled "resources/public/js/compiled/tmdb-movies.js" in 0.894 seconds.[0m
notifying browser that file changed:  resources/public/js/compiled/out/tmdb_movies/router.js
[0mCompiling "resources/public/js/compiled/tmdb-movies.js" from ["src"]...[0m
[32mSuccessfully compiled "resources/public/js/compiled/tmdb-movies.js" in 1.366 seconds.[0m
notifying browser that file changed:  resources/public/js/compiled/out/tmdb_movies/router.js
[0mCompiling "resources/public/js/compiled/tmdb-movies.js" from ["src"]...[0m
[32mSuccessfully compiled "resources/public/js/compiled/tmdb-movies.js" in 0.919 seconds.[0m
notifying browser that file changed:  resources/public/js/compiled/out/tmdb_movies/router.js
[0mCompiling "resources/public/js/compiled/tmdb-movies.js" from ["src"]...[0m
[32mSuccessfully compiled "resources/public/js/compiled/tmdb-movies.js" in 1.056 seconds.[0m
notifying browser that file changed:  resources/public/js/compiled/out/tmdb_movies/router.js
[0mCompiling "resources/public/js/compiled/tmdb-movies.js" from ["src"]...[0m
[32mSuccessfully compiled "resources/public/js/compiled/tmdb-movies.js" in 2.269 seconds.[0m
notifying browser that file changed:  resources/public/js/compiled/out/tmdb_movies/router.js
[0mCompiling "resources/public/js/compiled/tmdb-movies.js" from ["src"]...[0m
[32mSuccessfully compiled "resources/public/js/compiled/tmdb-movies.js" in 1.254 seconds.[0m
notifying browser that file changed:  resources/public/js/compiled/out/tmdb_movies/router.js
[0mCompiling "resources/public/js/compiled/tmdb-movies.js" from ["src"]...[0m
[32mSuccessfully compiled "resources/public/js/compiled/tmdb-movies.js" in 1.379 seconds.[0m
notifying browser that file changed:  resources/public/js/compiled/out/tmdb_movies/router.js
[0mCompiling "resources/public/js/compiled/tmdb-movies.js" from ["src"]...[0m
[32mSuccessfully compiled "resources/public/js/compiled/tmdb-movies.js" in 0.886 seconds.[0m
notifying browser that file changed:  resources/public/js/compiled/out/tmdb_movies/router.js
[0mCompiling "resources/public/js/compiled/tmdb-movies.js" from ["src"]...[0m
[32mSuccessfully compiled "resources/public/js/compiled/tmdb-movies.js" in 0.991 seconds.[0m
notifying browser that file changed:  resources/public/js/compiled/out/tmdb_movies/router.js
[0mCompiling "resources/public/js/compiled/tmdb-movies.js" from ["src"]...[0m
[32mSuccessfully compiled "resources/public/js/compiled/tmdb-movies.js" in 0.937 seconds.[0m
notifying browser that file changed:  resources/public/js/compiled/out/tmdb_movies/router.js
[0mCompiling "resources/public/js/compiled/tmdb-movies.js" from ["src"]...[0m
[36m----  Compiler Warning on   src/csv-editor/router.cljs   line:35  column:32  ----[0m

  [1mUse of undeclared Var tmdb-movies.router/state[0m

  [36m31[0m  [36m                                :params (extract-params (:href next-route) next-href)))))[0m
  [36m32[0m  [36m[0m
  [36m33[0m  [36m(def init-route-mixin[0m
  [36m34[0m  [36m  { :did-mount  (fn [state])[0m
  [33m35[0m  [1m           (let [routes (:args state)][0m
  [0m  [0m  [33m                               ^--- Use of undeclared Var tmdb-movies.router/state[0m
  [36m36[0m  [36m            (js/console.log (:args state))[0m
  [36m37[0m  [36m            (.addEventListener js/window "hashchange" #(select-route routes))[0m
  [36m38[0m  [36m            (select-route routes))[0m
  [36m39[0m  [36m           state})[0m

[36m----  Compiler Warning : Please see src/csv-editor/router.cljs  ----[0m
[36m----  Compiler Warning on   src/csv-editor/router.cljs   line:36  column:36  ----[0m

  [1mUse of undeclared Var tmdb-movies.router/state[0m

  [36m33[0m  [36m(def init-route-mixin[0m
  [36m34[0m  [36m  { :did-mount  (fn [state])[0m
  [36m35[0m  [36m           (let [routes (:args state)][0m
  [33m36[0m  [1m            (js/console.log (:args state))[0m
  [0m  [0m  [33m                                   ^--- Use of undeclared Var tmdb-movies.router/state[0m
  [36m37[0m  [36m            (.addEventListener js/window "hashchange" #(select-route routes))[0m
  [36m38[0m  [36m            (select-route routes))[0m
  [36m39[0m  [36m           state})[0m
  [36m40[0m  [36m[0m
  [36m41[0m  [36m(rum/defcs Router[0m

[36m----  Compiler Warning : Please see src/csv-editor/router.cljs  ----[0m
[36m----  Compiler Warning on   src/csv-editor/router.cljs   line:39  column:12  ----[0m

  [1mUse of undeclared Var tmdb-movies.router/state[0m

  [36m35[0m  [36m           (let [routes (:args state)][0m
  [36m36[0m  [36m            (js/console.log (:args state))[0m
  [36m37[0m  [36m            (.addEventListener js/window "hashchange" #(select-route routes))[0m
  [36m38[0m  [36m            (select-route routes))[0m
  [33m39[0m  [1m           state})[0m
  [0m  [0m  [33m           ^--- Use of undeclared Var tmdb-movies.router/state[0m
  [36m40[0m  [36m[0m
  [36m41[0m  [36m(rum/defcs Router[0m
  [36m42[0m  [36m  < rum/reactive [0m
  [36m43[0m  [36m    init-route-mixin[0m
  [36m44[0m  [36m  [routes][0m

[36m----  Compiler Warning : Please see src/csv-editor/router.cljs  ----[0m
[32mSuccessfully compiled "resources/public/js/compiled/tmdb-movies.js" in 2.51 seconds.[0m
notifying browser that file changed:  resources/public/js/compiled/out/tmdb_movies/router.js
[0mCompiling "resources/public/js/compiled/tmdb-movies.js" from ["src"]...[0m
[36m----  Compiler Warning on   src/csv-editor/router.cljs   line:35  column:37  ----[0m

  [1mUse of undeclared Var tmdb-movies.router/state[0m

  [36m31[0m  [36m                                :params (extract-params (:href next-route) next-href)))))[0m
  [36m32[0m  [36m[0m
  [36m33[0m  [36m(def init-route-mixin[0m
  [36m34[0m  [36m  {:did-mount (fn [state props])[0m
  [33m35[0m  [1m                (let [routes (:args state)][0m
  [0m  [0m  [33m                                    ^--- Use of undeclared Var tmdb-movies.router/state[0m
  [36m36[0m  [36m                  (js/console.log (:args state))[0m
  [36m37[0m  [36m                  (.addEventListener js/window "hashchange" #(select-route routes))[0m
  [36m38[0m  [36m                  (select-route routes))[0m
  [36m39[0m  [36m                state})[0m

[36m----  Compiler Warning : Please see src/csv-editor/router.cljs  ----[0m
[36m----  Compiler Warning on   src/csv-editor/router.cljs   line:36  column:42  ----[0m

  [1mUse of undeclared Var tmdb-movies.router/state[0m

  [36m33[0m  [36m(def init-route-mixin[0m
  [36m34[0m  [36m  {:did-mount (fn [state props])[0m
  [36m35[0m  [36m                (let [routes (:args state)][0m
  [33m36[0m  [1m                  (js/console.log (:args state))[0m
  [0m  [0m  [33m                                         ^--- Use of undeclared Var tmdb-movies.router/state[0m
  [36m37[0m  [36m                  (.addEventListener js/window "hashchange" #(select-route routes))[0m
  [36m38[0m  [36m                  (select-route routes))[0m
  [36m39[0m  [36m                state})[0m
  [36m40[0m  [36m[0m
  [36m41[0m  [36m(rum/defcs Router[0m

[36m----  Compiler Warning : Please see src/csv-editor/router.cljs  ----[0m
[36m----  Compiler Warning on   src/csv-editor/router.cljs   line:39  column:17  ----[0m

  [1mUse of undeclared Var tmdb-movies.router/state[0m

  [36m35[0m  [36m                (let [routes (:args state)][0m
  [36m36[0m  [36m                  (js/console.log (:args state))[0m
  [36m37[0m  [36m                  (.addEventListener js/window "hashchange" #(select-route routes))[0m
  [36m38[0m  [36m                  (select-route routes))[0m
  [33m39[0m  [1m                state})[0m
  [0m  [0m  [33m                ^--- Use of undeclared Var tmdb-movies.router/state[0m
  [36m40[0m  [36m[0m
  [36m41[0m  [36m(rum/defcs Router[0m
  [36m42[0m  [36m  < rum/reactive [0m
  [36m43[0m  [36m    init-route-mixin[0m
  [36m44[0m  [36m  [routes][0m

[36m----  Compiler Warning : Please see src/csv-editor/router.cljs  ----[0m
[32mSuccessfully compiled "resources/public/js/compiled/tmdb-movies.js" in 1.448 seconds.[0m
notifying browser that file changed:  resources/public/js/compiled/out/tmdb_movies/router.js
[0mCompiling "resources/public/js/compiled/tmdb-movies.js" from ["src"]...[0m
[32mSuccessfully compiled "resources/public/js/compiled/tmdb-movies.js" in 1.601 seconds.[0m
notifying browser that file changed:  resources/public/js/compiled/out/tmdb_movies/router.js
[0mCompiling "resources/public/js/compiled/tmdb-movies.js" from ["src"]...[0m
[32mSuccessfully compiled "resources/public/js/compiled/tmdb-movies.js" in 1.033 seconds.[0m
notifying browser that file changed:  resources/public/js/compiled/out/tmdb_movies/router.js
[0mCompiling "resources/public/js/compiled/tmdb-movies.js" from ["src"]...[0m
[32mSuccessfully compiled "resources/public/js/compiled/tmdb-movies.js" in 1.25 seconds.[0m
notifying browser that file changed:  resources/public/js/compiled/out/tmdb_movies/router.js
[0mCompiling "resources/public/js/compiled/tmdb-movies.js" from ["src"]...[0m
[31mFailed to compile "resources/public/js/compiled/tmdb-movies.js" in 0.542 seconds.[0m
[36m----  Could not Read  src/csv-editor/router.cljs   line:39  column:23  ----[0m

  [1mMap literal must contain an even number of forms[0m

  [36m37[0m  [36m                (.addEventListener js/window "hashchange" #(select-route routes))[0m
  [36m38[0m  [36m                (select-route routes))[0m
  [33m39[0m  [1m               state)})[0m
  [0m  [0m  [33m                      ^--- Map literal must contain an even number of forms[0m
  [36m40[0m  [36m[0m
  [36m41[0m  [36m(rum/defcs Router[0m
  [36m42[0m  [36m  < rum/reactive [0m

[36m----  Reader Error : Please see src/csv-editor/router.cljs  ----[0m
[0mCompiling "resources/public/js/compiled/tmdb-movies.js" from ["src"]...[0m
[32mSuccessfully compiled "resources/public/js/compiled/tmdb-movies.js" in 0.888 seconds.[0m
notifying browser that file changed:  resources/public/js/compiled/out/tmdb_movies/router.js
[0mCompiling "resources/public/js/compiled/tmdb-movies.js" from ["src"]...[0m
[32mSuccessfully compiled "resources/public/js/compiled/tmdb-movies.js" in 0.993 seconds.[0m
notifying browser that file changed:  resources/public/js/compiled/out/tmdb_movies/router.js
[0mCompiling "resources/public/js/compiled/tmdb-movies.js" from ["src"]...[0m
[32mSuccessfully compiled "resources/public/js/compiled/tmdb-movies.js" in 1.636 seconds.[0m
notifying browser that file changed:  resources/public/js/compiled/out/tmdb_movies/router.js
[0mCompiling "resources/public/js/compiled/tmdb-movies.js" from ["src"]...[0m
[31mFailed to compile "resources/public/js/compiled/tmdb-movies.js" in 0.532 seconds.[0m
[36m----  Could not Read  src/csv-editor/router.cljs   line:48  column:64  ----[0m

  [1mUnmatched delimiter )[0m

  [36m46[0m  [36m(let [Component (get-in (rum/react router-state) [:route :component])][0m
  [36m47[0m  [36m  [:div[0m
  [33m48[0m  [1m    (when-not (nil? Component) (Component @router-state))])))[0m
  [0m  [0m  [33m                                                             ^--- Unmatched delimiter )[0m

[36m----  Reader Error : Please see src/csv-editor/router.cljs  ----[0m
[0mCompiling "resources/public/js/compiled/tmdb-movies.js" from ["src"]...[0m
[32mSuccessfully compiled "resources/public/js/compiled/tmdb-movies.js" in 0.959 seconds.[0m
notifying browser that file changed:  resources/public/js/compiled/out/tmdb_movies/router.js
[0mCompiling "resources/public/js/compiled/tmdb-movies.js" from ["src"]...[0m
[32mSuccessfully compiled "resources/public/js/compiled/tmdb-movies.js" in 0.907 seconds.[0m
notifying browser that file changed:  resources/public/js/compiled/out/tmdb_movies/router.js
[0mCompiling "resources/public/js/compiled/tmdb-movies.js" from ["src"]...[0m
[32mSuccessfully compiled "resources/public/js/compiled/tmdb-movies.js" in 1.123 seconds.[0m
notifying browser that file changed:  resources/public/js/compiled/out/tmdb_movies/router.js
[0mCompiling "resources/public/js/compiled/tmdb-movies.js" from ["src"]...[0m
[32mSuccessfully compiled "resources/public/js/compiled/tmdb-movies.js" in 0.963 seconds.[0m
notifying browser that file changed:  resources/public/js/compiled/out/tmdb_movies/router.js
[0mCompiling "resources/public/js/compiled/tmdb-movies.js" from ["src"]...[0m
[32mSuccessfully compiled "resources/public/js/compiled/tmdb-movies.js" in 1.254 seconds.[0m
notifying browser that file changed:  resources/public/js/compiled/out/cljs_deps.js
notifying browser that file changed:  resources/public/js/compiled/out/tmdb_movies/router.js
[0mCompiling "resources/public/js/compiled/tmdb-movies.js" from ["src"]...[0m
[32mSuccessfully compiled "resources/public/js/compiled/tmdb-movies.js" in 0.865 seconds.[0m
notifying browser that file changed:  resources/public/js/compiled/out/tmdb_movies/router.js
[0mCompiling "resources/public/js/compiled/tmdb-movies.js" from ["src"]...[0m
[32mSuccessfully compiled "resources/public/js/compiled/tmdb-movies.js" in 4.466 seconds.[0m
notifying browser that file changed:  resources/public/js/compiled/out/tmdb_movies/router.js
[0mCompiling "resources/public/js/compiled/tmdb-movies.js" from ["src"]...[0m
[32mSuccessfully compiled "resources/public/js/compiled/tmdb-movies.js" in 0.924 seconds.[0m
notifying browser that file changed:  resources/public/js/compiled/out/tmdb_movies/router.js
[0mCompiling "resources/public/js/compiled/tmdb-movies.js" from ["src"]...[0m
[36m----  Compiler Warning on   src/csv-editor/router.cljs   line:35  column:48  ----[0m

  [1mWrong number of args (0) passed to :args[0m

  [36m31[0m  [36m                                :params (extract-params (:href next-route) next-href)))))[0m
  [36m32[0m  [36m[0m
  [36m33[0m  [36m(def init-route-mixin[0m
  [36m34[0m  [36m  {:did-mount (fn [state][0m
  [33m35[0m  [1m               (js/console.log (clj->js state) (:args))[0m
  [0m  [0m  [33m                                               ^--- Wrong number of args (0) passed to :args[0m
  [36m36[0m  [36m               (let [routes (:rum/args state)][0m
  [36m37[0m  [36m                (.addEventListener js/window "hashchange" #(select-route routes))[0m
  [36m38[0m  [36m                (select-route routes))[0m
  [36m39[0m  [36m               state)})[0m

[36m----  Compiler Warning : Please see src/csv-editor/router.cljs  ----[0m
[32mSuccessfully compiled "resources/public/js/compiled/tmdb-movies.js" in 1.532 seconds.[0m
notifying browser that file changed:  resources/public/js/compiled/out/tmdb_movies/router.js
[0mCompiling "resources/public/js/compiled/tmdb-movies.js" from ["src"]...[0m
[36m----  Compiler Warning on   src/csv-editor/router.cljs   line:35  column:48  ----[0m

  [1mWrong number of args (0) passed to :args[0m

  [36m31[0m  [36m                                :params (extract-params (:href next-route) next-href)))))[0m
  [36m32[0m  [36m[0m
  [36m33[0m  [36m(def init-route-mixin[0m
  [36m34[0m  [36m  {:did-mount (fn [state][0m
  [33m35[0m  [1m               (js/console.log (clj->js state) (:args))[0m
  [0m  [0m  [33m                                               ^--- Wrong number of args (0) passed to :args[0m
  [36m36[0m  [36m               (let [routes (first (:rum/args state))][0m
  [36m37[0m  [36m                (.addEventListener js/window "hashchange" #(select-route routes))[0m
  [36m38[0m  [36m                (select-route routes))[0m
  [36m39[0m  [36m               state)})[0m

[36m----  Compiler Warning : Please see src/csv-editor/router.cljs  ----[0m
[32mSuccessfully compiled "resources/public/js/compiled/tmdb-movies.js" in 1.653 seconds.[0m
notifying browser that file changed:  resources/public/js/compiled/out/tmdb_movies/router.js
[0mCompiling "resources/public/js/compiled/tmdb-movies.js" from ["src"]...[0m
[32mSuccessfully compiled "resources/public/js/compiled/tmdb-movies.js" in 0.979 seconds.[0m
notifying browser that file changed:  resources/public/js/compiled/out/tmdb_movies/router.js
[0mCompiling "resources/public/js/compiled/tmdb-movies.js" from ["src"]...[0m
[32mSuccessfully compiled "resources/public/js/compiled/tmdb-movies.js" in 2.257 seconds.[0m
notifying browser that file changed:  resources/public/js/compiled/out/tmdb_movies/router.js
[0mCompiling "resources/public/js/compiled/tmdb-movies.js" from ["src"]...[0m
[32mSuccessfully compiled "resources/public/js/compiled/tmdb-movies.js" in 1.262 seconds.[0m
notifying browser that file changed:  resources/public/js/compiled/out/tmdb_movies/components/movie_page.js
[0mCompiling "resources/public/js/compiled/tmdb-movies.js" from ["src"]...[0m
[32mSuccessfully compiled "resources/public/js/compiled/tmdb-movies.js" in 1.067 seconds.[0m
notifying browser that file changed:  resources/public/js/compiled/out/tmdb_movies/components/movie_page.js
[0mCompiling "resources/public/js/compiled/tmdb-movies.js" from ["src"]...[0m
[32mSuccessfully compiled "resources/public/js/compiled/tmdb-movies.js" in 0.77 seconds.[0m
notifying browser that file changed:  resources/public/js/compiled/out/tmdb_movies/components/movie_page.js
[0mCompiling "resources/public/js/compiled/tmdb-movies.js" from ["src"]...[0m
[32mSuccessfully compiled "resources/public/js/compiled/tmdb-movies.js" in 1.362 seconds.[0m
notifying browser that file changed:  resources/public/js/compiled/out/tmdb_movies/components/movie_page.js
[0mCompiling "resources/public/js/compiled/tmdb-movies.js" from ["src"]...[0m
[32mSuccessfully compiled "resources/public/js/compiled/tmdb-movies.js" in 1.053 seconds.[0m
notifying browser that file changed:  resources/public/js/compiled/out/tmdb_movies/router.js
[0mCompiling "resources/public/js/compiled/tmdb-movies.js" from ["src"]...[0m
[32mSuccessfully compiled "resources/public/js/compiled/tmdb-movies.js" in 2.122 seconds.[0m
notifying browser that file changed:  resources/public/js/compiled/out/tmdb_movies/router.js
[0mCompiling "resources/public/js/compiled/tmdb-movies.js" from ["src"]...[0m
[32mSuccessfully compiled "resources/public/js/compiled/tmdb-movies.js" in 1.332 seconds.[0m
notifying browser that file changed:  resources/public/js/compiled/out/tmdb_movies/router.js
[0mCompiling "resources/public/js/compiled/tmdb-movies.js" from ["src"]...[0m
[32mSuccessfully compiled "resources/public/js/compiled/tmdb-movies.js" in 1.101 seconds.[0m
notifying browser that file changed:  resources/public/js/compiled/out/tmdb_movies/router.js
[0mCompiling "resources/public/js/compiled/tmdb-movies.js" from ["src"]...[0m
[32mSuccessfully compiled "resources/public/js/compiled/tmdb-movies.js" in 1.545 seconds.[0m
notifying browser that file changed:  resources/public/js/compiled/out/tmdb_movies/components/movie_page.js
[0mCompiling "resources/public/js/compiled/tmdb-movies.js" from ["src"]...[0m
[32mSuccessfully compiled "resources/public/js/compiled/tmdb-movies.js" in 1.315 seconds.[0m
notifying browser that file changed:  resources/public/js/compiled/out/tmdb_movies/components/movie_page.js
[0mCompiling "resources/public/js/compiled/tmdb-movies.js" from ["src"]...[0m
[32mSuccessfully compiled "resources/public/js/compiled/tmdb-movies.js" in 0.982 seconds.[0m
notifying browser that file changed:  resources/public/js/compiled/out/tmdb_movies/components/movie_page.js
[0mCompiling "resources/public/js/compiled/tmdb-movies.js" from ["src"]...[0m
[32mSuccessfully compiled "resources/public/js/compiled/tmdb-movies.js" in 1.419 seconds.[0m
notifying browser that file changed:  resources/public/js/compiled/out/tmdb_movies/components/movie_page.js
[0mCompiling "resources/public/js/compiled/tmdb-movies.js" from ["src"]...[0m
[32mSuccessfully compiled "resources/public/js/compiled/tmdb-movies.js" in 1.935 seconds.[0m
notifying browser that file changed:  resources/public/js/compiled/out/tmdb_movies/components/movie_page.js
[0mCompiling "resources/public/js/compiled/tmdb-movies.js" from ["src"]...[0m
[32mSuccessfully compiled "resources/public/js/compiled/tmdb-movies.js" in 1.434 seconds.[0m
notifying browser that file changed:  resources/public/js/compiled/out/tmdb_movies/router.js
